#
# There is insufficient memory for the Java Runtime Environment to continue.
# Native memory allocation (malloc) failed to allocate 1634664 bytes. Error detail: Chunk::new
# Possible reasons:
#   The system is out of physical RAM or swap space
#   This process is running with CompressedOops enabled, and the Java Heap may be blocking the growth of the native heap
# Possible solutions:
#   Reduce memory load on the system
#   Increase physical memory or swap space
#   Check if swap backing store is full
#   Decrease Java heap size (-Xmx/-Xms)
#   Decrease number of Java threads
#   Decrease Java thread stack sizes (-Xss)
#   Set larger code cache with -XX:ReservedCodeCacheSize=
#   JVM is running with Unscaled Compressed Oops mode in which the Java heap is
#     placed in the first 4GB address space. The Java Heap base address is the
#     maximum limit for the native heap growth. Please use -XX:HeapBaseMinAddress
#     to set the Java Heap base and to place the Java Heap above 4GB virtual address.
# This output file may be truncated or incomplete.
#
#  Out of Memory Error (arena.cpp:186), pid=20856, tid=12540
#
# JRE version: Java(TM) SE Runtime Environment (25.0+37) (build 25+37-LTS-3491)
# Java VM: Java HotSpot(TM) 64-Bit Server VM (25+37-LTS-3491, mixed mode, sharing, tiered, compressed oops, compressed class ptrs, g1 gc, windows-amd64)
# No core dump will be written. Minidumps are not enabled by default on client versions of Windows
#

---------------  S U M M A R Y ------------

Command Line: -javaagent:C:\Program Files\JetBrains\IntelliJ IDEA Community Edition 2024.3.2.2\lib\idea_rt.jar=65161 -Dfile.encoding=UTF-8 -Dsun.stdout.encoding=UTF-8 -Dsun.stderr.encoding=UTF-8 com.fit.FitlyFy.FitlyFyApplication

Host: 11th Gen Intel(R) Core(TM) i5-1135G7 @ 2.40GHz, 8 cores, 7G,  Windows 11 , 64 bit Build 26100 (10.0.26100.7309)
Time: Mon Dec 22 16:07:09 2025 India Standard Time elapsed time: 1717.537892 seconds (0d 0h 28m 37s)

---------------  T H R E A D  ---------------

Current thread (0x000001dd7d3f5940):  JavaThread "C2 CompilerThread0" daemon [_thread_in_native, id=12540, stack(0x000000c782800000,0x000000c782900000) (1024K)]


Current CompileTask:
C2:1717539 7508       4       sun.security.ec.ECOperations::setSum (685 bytes)

Stack: [0x000000c782800000,0x000000c782900000]
Native frames: (J=compiled Java code, j=interpreted, Vv=VM code, C=native code)
V  [jvm.dll+0x7a6a39]  (no source info available)
V  [jvm.dll+0x7727ed]  (no source info available)
V  [jvm.dll+0x965f33]  (no source info available)
V  [jvm.dll+0x968531]  (no source info available)
V  [jvm.dll+0x968c33]  (no source info available)
V  [jvm.dll+0x2fc756]  (no source info available)
V  [jvm.dll+0x111b26]  (no source info available)
V  [jvm.dll+0x111e4e]  (no source info available)
V  [jvm.dll+0x381801]  (no source info available)
V  [jvm.dll+0x6b8b29]  (no source info available)
V  [jvm.dll+0x2c9bfa]  (no source info available)
V  [jvm.dll+0x2c9fef]  (no source info available)
V  [jvm.dll+0x2c2519]  (no source info available)
V  [jvm.dll+0x2bf995]  (no source info available)
V  [jvm.dll+0x237b60]  (no source info available)
V  [jvm.dll+0x2cfb56]  (no source info available)
V  [jvm.dll+0x2cddd5]  (no source info available)
V  [jvm.dll+0x48e671]  (no source info available)
V  [jvm.dll+0x90681d]  (no source info available)
V  [jvm.dll+0x7a5015]  (no source info available)
C  [ucrtbase.dll+0x37b0]  (no source info available)
C  [KERNEL32.DLL+0x2e8d7]  (no source info available)
C  [ntdll.dll+0x8c53c]  (no source info available)

Lock stack of current Java thread (top to bottom):


---------------  P R O C E S S  ---------------

Threads class SMR info:
_java_thread_list=0x000001dd7efd8980, length=31, elements={
0x000001dd7d3e5690, 0x000001dd7d3e60f0, 0x000001dd7d3e9d60, 0x000001dd7d3ea920,
0x000001dd7d3eb4e0, 0x000001dd7d3ed780, 0x000001dd7d3f5940, 0x000001dd7d3f9ab0,
0x000001dd7d701580, 0x000001dd7d677850, 0x000001dd7d678010, 0x000001dd7ed32ad0,
0x000001dd14bbe2f0, 0x000001dd131036a0, 0x000001dd14642f30, 0x000001dd14646db0,
0x000001dd14b0a6f0, 0x000001dd14b09750, 0x000001dd14b07fe0, 0x000001dd14b0aec0,
0x000001dd14b07810, 0x000001dd14b0b690, 0x000001dd14b087b0, 0x000001dd14b0ce00,
0x000001dd14b0d5d0, 0x000001dd14b0dda0, 0x000001dd13111e90, 0x000001dd1310f780,
0x000001dd1310ff50, 0x000001dd131145a0, 0x000001dd13115540
}

Java Threads: ( => current thread )
  0x000001dd7d3e5690 JavaThread "Reference Handler"          daemon [_thread_blocked, id=23532, stack(0x000000c782200000,0x000000c782300000) (1024K)]
  0x000001dd7d3e60f0 JavaThread "Finalizer"                  daemon [_thread_blocked, id=24548, stack(0x000000c782300000,0x000000c782400000) (1024K)]
  0x000001dd7d3e9d60 JavaThread "Signal Dispatcher"          daemon [_thread_blocked, id=18572, stack(0x000000c782400000,0x000000c782500000) (1024K)]
  0x000001dd7d3ea920 JavaThread "Attach Listener"            daemon [_thread_blocked, id=7456, stack(0x000000c782500000,0x000000c782600000) (1024K)]
  0x000001dd7d3eb4e0 JavaThread "Service Thread"             daemon [_thread_blocked, id=22724, stack(0x000000c782600000,0x000000c782700000) (1024K)]
  0x000001dd7d3ed780 JavaThread "Monitor Deflation Thread"   daemon [_thread_blocked, id=9952, stack(0x000000c782700000,0x000000c782800000) (1024K)]
=>0x000001dd7d3f5940 JavaThread "C2 CompilerThread0"         daemon [_thread_in_native, id=12540, stack(0x000000c782800000,0x000000c782900000) (1024K)]
  0x000001dd7d3f9ab0 JavaThread "C1 CompilerThread0"         daemon [_thread_blocked, id=14556, stack(0x000000c782900000,0x000000c782a00000) (1024K)]
  0x000001dd7d701580 JavaThread "Common-Cleaner"             daemon [_thread_blocked, id=18088, stack(0x000000c782a00000,0x000000c782b00000) (1024K)]
  0x000001dd7d677850 JavaThread "Monitor Ctrl-Break"         daemon [_thread_in_native, id=19476, stack(0x000000c782c00000,0x000000c782d00000) (1024K)]
  0x000001dd7d678010 JavaThread "Notification Thread"        daemon [_thread_blocked, id=12924, stack(0x000000c782d00000,0x000000c782e00000) (1024K)]
  0x000001dd7ed32ad0 JavaThread "Catalina-utility-1"                [_thread_blocked, id=21500, stack(0x000000c783700000,0x000000c783800000) (1024K)]
  0x000001dd14bbe2f0 JavaThread "Catalina-utility-2"                [_thread_blocked, id=25152, stack(0x000000c783800000,0x000000c783900000) (1024K)]
  0x000001dd131036a0 JavaThread "container-0"                       [_thread_blocked, id=23620, stack(0x000000c783900000,0x000000c783a00000) (1024K)]
  0x000001dd14642f30 JavaThread "mysql-cj-abandoned-connection-cleanup" daemon [_thread_blocked, id=7796, stack(0x000000c783a00000,0x000000c783b00000) (1024K)]
  0x000001dd14646db0 JavaThread "HikariPool-1:housekeeper"   daemon [_thread_blocked, id=20292, stack(0x000000c783c00000,0x000000c783d00000) (1024K)]
  0x000001dd14b0a6f0 JavaThread "http-nio-8080-exec-1"       daemon [_thread_blocked, id=17584, stack(0x000000c783e00000,0x000000c783f00000) (1024K)]
  0x000001dd14b09750 JavaThread "http-nio-8080-exec-2"       daemon [_thread_blocked, id=22732, stack(0x000000c783f00000,0x000000c784000000) (1024K)]
  0x000001dd14b07fe0 JavaThread "http-nio-8080-exec-3"       daemon [_thread_blocked, id=6148, stack(0x000000c784000000,0x000000c784100000) (1024K)]
  0x000001dd14b0aec0 JavaThread "http-nio-8080-exec-4"       daemon [_thread_blocked, id=14768, stack(0x000000c784100000,0x000000c784200000) (1024K)]
  0x000001dd14b07810 JavaThread "http-nio-8080-exec-5"       daemon [_thread_blocked, id=21132, stack(0x000000c784200000,0x000000c784300000) (1024K)]
  0x000001dd14b0b690 JavaThread "http-nio-8080-exec-6"       daemon [_thread_blocked, id=6188, stack(0x000000c784300000,0x000000c784400000) (1024K)]
  0x000001dd14b087b0 JavaThread "http-nio-8080-exec-7"       daemon [_thread_blocked, id=21440, stack(0x000000c784400000,0x000000c784500000) (1024K)]
  0x000001dd14b0ce00 JavaThread "http-nio-8080-exec-8"       daemon [_thread_blocked, id=25332, stack(0x000000c784500000,0x000000c784600000) (1024K)]
  0x000001dd14b0d5d0 JavaThread "http-nio-8080-exec-9"       daemon [_thread_blocked, id=23840, stack(0x000000c784600000,0x000000c784700000) (1024K)]
  0x000001dd14b0dda0 JavaThread "http-nio-8080-exec-10"      daemon [_thread_blocked, id=23644, stack(0x000000c784700000,0x000000c784800000) (1024K)]
  0x000001dd13111e90 JavaThread "http-nio-8080-Poller"       daemon [_thread_in_native, id=16528, stack(0x000000c784800000,0x000000c784900000) (1024K)]
  0x000001dd1310f780 JavaThread "http-nio-8080-Acceptor"     daemon [_thread_in_native, id=14424, stack(0x000000c784900000,0x000000c784a00000) (1024K)]
  0x000001dd1310ff50 JavaThread "DestroyJavaVM"                     [_thread_blocked, id=16716, stack(0x000000c781a00000,0x000000c781b00000) (1024K)]
  0x000001dd131145a0 JavaThread "HikariPool-1:connection-closer" daemon [_thread_blocked, id=4132, stack(0x000000c781700000,0x000000c781800000) (1024K)]
  0x000001dd13115540 JavaThread "HikariPool-1:connection-adder" daemon [_thread_blocked, id=24948, stack(0x000000c781800000,0x000000c781900000) (1024K)]
Total: 31

Other Threads:
  0x000001dd7d3cce10 VMThread "VM Thread"                           [id=21588, stack(0x000000c782100000,0x000000c782200000) (1024K)]
  0x000001dd7d29beb0 WatcherThread "VM Periodic Task Thread"        [id=7440, stack(0x000000c782000000,0x000000c782100000) (1024K)]
  0x000001dd6f7167f0 WorkerThread "GC Thread#0"                     [id=14984, stack(0x000000c781b00000,0x000000c781c00000) (1024K)]
  0x000001dd7e56c920 WorkerThread "GC Thread#1"                     [id=13160, stack(0x000000c782f00000,0x000000c783000000) (1024K)]
  0x000001dd7e56b390 WorkerThread "GC Thread#2"                     [id=13792, stack(0x000000c783000000,0x000000c783100000) (1024K)]
  0x000001dd7e56b7e0 WorkerThread "GC Thread#3"                     [id=22992, stack(0x000000c783100000,0x000000c783200000) (1024K)]
  0x000001dd7e56bc30 WorkerThread "GC Thread#4"                     [id=20536, stack(0x000000c783200000,0x000000c783300000) (1024K)]
  0x000001dd7e56c080 WorkerThread "GC Thread#5"                     [id=4388, stack(0x000000c783300000,0x000000c783400000) (1024K)]
  0x000001dd7e56a6a0 WorkerThread "GC Thread#6"                     [id=2164, stack(0x000000c783400000,0x000000c783500000) (1024K)]
  0x000001dd7e56e750 WorkerThread "GC Thread#7"                     [id=7620, stack(0x000000c782e00000,0x000000c782f00000) (1024K)]
  0x000001dd6d3ddd60 ConcurrentGCThread "G1 Main Marker"            [id=23184, stack(0x000000c781c00000,0x000000c781d00000) (1024K)]
  0x000001dd6f72db50 WorkerThread "G1 Conc#0"                       [id=12056, stack(0x000000c781d00000,0x000000c781e00000) (1024K)]
  0x000001dd7e56eba0 WorkerThread "G1 Conc#1"                       [id=20380, stack(0x000000c783500000,0x000000c783600000) (1024K)]
  0x000001dd6f76e490 ConcurrentGCThread "G1 Refine#0"               [id=24028, stack(0x000000c781e00000,0x000000c781f00000) (1024K)]
  0x000001dd7d28b100 ConcurrentGCThread "G1 Service"                [id=20708, stack(0x000000c781f00000,0x000000c782000000) (1024K)]
Total: 15

Threads with active compile tasks:
C2 CompilerThread0  1717770 7508       4       sun.security.ec.ECOperations::setSum (685 bytes)
Total: 1

VM state: not at safepoint (normal execution)

VM Mutex/Monitor currently owned by a thread: None

Heap address: 0x0000000084c00000, size: 1972 MB, Compressed Oops mode: 32-bit

CDS archive(s) mapped at: [0x000000003e000000-0x000000003edd0000-0x000000003edd0000), size 14483456, SharedBaseAddress: 0x000000003e000000, ArchiveRelocationMode: 1.
Compressed class space mapped at: 0x000000003f000000-0x000000007f000000, reserved size: 1073741824
UseCompressedClassPointers 1, UseCompactObjectHeaders 0
Narrow klass pointer bits 32, Max shift 3
Narrow klass base: 0x000000003e000000, Narrow klass shift: 0
Encoding Range: [0x000000003e000000 - 0x000000013e000000), (4294967296 bytes)
Klass Range:    [0x000000003e010000 - 0x000000007f000000), (1090453504 bytes)
Klass ID Range:  [65536 - 1090519033) (1090453497)
Protection zone: [0x000000003e000000 - 0x000000003e010000), (65536 bytes)

GC Precious Log:
 CardTable entry size: 512
 Card Set container configuration: InlinePtr #cards 5 size 8 Array Of Cards #cards 10 size 36 Howl #buckets 4 coarsen threshold 1843 Howl Bitmap #cards 512 size 80 coarsen threshold 460 Card regions per heap region 1 cards per card region 2048
 CPUs: 8 total, 8 available
 Memory: 7886M
 Large Page Support: Disabled
 NUMA Support: Disabled
 Compressed Oops: Enabled (32-bit)
 Heap Region Size: 1M
 Heap Min Capacity: 8M
 Heap Initial Capacity: 124M
 Heap Max Capacity: 1972M
 Pre-touch: Disabled
 Parallel Workers: 8
 Concurrent Workers: 2
 Concurrent Refinement Workers: 8
 Periodic GC: Disabled

Heap:
 garbage-first heap   total reserved 2019328K, committed 72704K, used 40562K [0x0000000084c00000, 0x0000000100000000)
  region size 1024K, 14 young (14336K), 5 survivors (5120K)

Heap Regions: E=young(eden), S=young(survivor), O=old, HS=humongous(starts), HC=humongous(continues), CS=collection set, F=free, TAMS=top-at-mark-start, PB=parsable bottom
|   0|0x0000000084c00000, 0x0000000084d00000, 0x0000000084d00000|100%|HS|  |TAMS 0x0000000084c00000| PB 0x0000000084c00000| Complete |  0
|   1|0x0000000084d00000, 0x0000000084e00000, 0x0000000084e00000|100%|HS|  |TAMS 0x0000000084d00000| PB 0x0000000084d00000| Complete |  0
|   2|0x0000000084e00000, 0x0000000084f00000, 0x0000000084f00000|100%| O|  |TAMS 0x0000000084e00000| PB 0x0000000084e00000| Untracked |  0
|   3|0x0000000084f00000, 0x0000000085000000, 0x0000000085000000|100%| O|  |TAMS 0x0000000084f00000| PB 0x0000000084f00000| Untracked |  0
|   4|0x0000000085000000, 0x0000000085100000, 0x0000000085100000|100%| O|  |TAMS 0x0000000085000000| PB 0x0000000085000000| Untracked |  0
|   5|0x0000000085100000, 0x0000000085200000, 0x0000000085200000|100%| O|  |TAMS 0x0000000085100000| PB 0x0000000085100000| Untracked |  0
|   6|0x0000000085200000, 0x0000000085300000, 0x0000000085300000|100%| O|  |TAMS 0x0000000085200000| PB 0x0000000085200000| Untracked |  0
|   7|0x0000000085300000, 0x0000000085400000, 0x0000000085400000|100%| O|  |TAMS 0x0000000085300000| PB 0x0000000085300000| Untracked |  0
|   8|0x0000000085400000, 0x0000000085500000, 0x0000000085500000|100%| O|  |TAMS 0x0000000085400000| PB 0x0000000085400000| Untracked |  0
|   9|0x0000000085500000, 0x0000000085500000, 0x0000000085600000|  0%| F|  |TAMS 0x0000000085500000| PB 0x0000000085500000| Untracked |  0
|  10|0x0000000085600000, 0x0000000085700000, 0x0000000085700000|100%| O|  |TAMS 0x0000000085600000| PB 0x0000000085600000| Untracked |  0
|  11|0x0000000085700000, 0x0000000085800000, 0x0000000085800000|100%| O|  |TAMS 0x0000000085700000| PB 0x0000000085700000| Untracked |  0
|  12|0x0000000085800000, 0x0000000085900000, 0x0000000085900000|100%| O|  |TAMS 0x0000000085800000| PB 0x0000000085800000| Untracked |  0
|  13|0x0000000085900000, 0x0000000085a00000, 0x0000000085a00000|100%| O|  |TAMS 0x0000000085900000| PB 0x0000000085900000| Untracked |  0
|  14|0x0000000085a00000, 0x0000000085b00000, 0x0000000085b00000|100%| O|  |TAMS 0x0000000085a00000| PB 0x0000000085a00000| Untracked |  0
|  15|0x0000000085b00000, 0x0000000085c00000, 0x0000000085c00000|100%| O|  |TAMS 0x0000000085b00000| PB 0x0000000085b00000| Untracked |  0
|  16|0x0000000085c00000, 0x0000000085d00000, 0x0000000085d00000|100%| O|  |TAMS 0x0000000085c00000| PB 0x0000000085c00000| Untracked |  0
|  17|0x0000000085d00000, 0x0000000085e00000, 0x0000000085e00000|100%| O|  |TAMS 0x0000000085d00000| PB 0x0000000085d00000| Untracked |  0
|  18|0x0000000085e00000, 0x0000000085f00000, 0x0000000085f00000|100%| O|  |TAMS 0x0000000085e00000| PB 0x0000000085e00000| Untracked |  0
|  19|0x0000000085f00000, 0x0000000086000000, 0x0000000086000000|100%| O|  |TAMS 0x0000000085f00000| PB 0x0000000085f00000| Untracked |  0
|  20|0x0000000086000000, 0x0000000086100000, 0x0000000086100000|100%| O|  |TAMS 0x0000000086000000| PB 0x0000000086000000| Untracked |  0
|  21|0x0000000086100000, 0x000000008619caf8, 0x0000000086200000| 61%| O|  |TAMS 0x0000000086100000| PB 0x0000000086100000| Untracked |  0
|  22|0x0000000086200000, 0x0000000086200000, 0x0000000086300000|  0%| F|  |TAMS 0x0000000086200000| PB 0x0000000086200000| Untracked |  0
|  23|0x0000000086300000, 0x0000000086300000, 0x0000000086400000|  0%| F|  |TAMS 0x0000000086300000| PB 0x0000000086300000| Untracked |  0
|  24|0x0000000086400000, 0x0000000086500000, 0x0000000086500000|100%| S|CS|TAMS 0x0000000086400000| PB 0x0000000086400000| Complete |  0
|  25|0x0000000086500000, 0x0000000086500000, 0x0000000086600000|  0%| F|  |TAMS 0x0000000086500000| PB 0x0000000086500000| Untracked |  0
|  26|0x0000000086600000, 0x0000000086600000, 0x0000000086700000|  0%| F|  |TAMS 0x0000000086600000| PB 0x0000000086600000| Untracked |  0
|  27|0x0000000086700000, 0x0000000086700000, 0x0000000086800000|  0%| F|  |TAMS 0x0000000086700000| PB 0x0000000086700000| Untracked |  0
|  28|0x0000000086800000, 0x0000000086800000, 0x0000000086900000|  0%| F|  |TAMS 0x0000000086800000| PB 0x0000000086800000| Untracked |  0
|  29|0x0000000086900000, 0x0000000086900000, 0x0000000086a00000|  0%| F|  |TAMS 0x0000000086900000| PB 0x0000000086900000| Untracked |  0
|  30|0x0000000086a00000, 0x0000000086b00000, 0x0000000086b00000|100%| S|CS|TAMS 0x0000000086a00000| PB 0x0000000086a00000| Complete |  0
|  31|0x0000000086b00000, 0x0000000086c00000, 0x0000000086c00000|100%| S|CS|TAMS 0x0000000086b00000| PB 0x0000000086b00000| Complete |  0
|  32|0x0000000086c00000, 0x0000000086d00000, 0x0000000086d00000|100%| S|CS|TAMS 0x0000000086c00000| PB 0x0000000086c00000| Complete |  0
|  33|0x0000000086d00000, 0x0000000086e00000, 0x0000000086e00000|100%| S|CS|TAMS 0x0000000086d00000| PB 0x0000000086d00000| Complete |  0
|  34|0x0000000086e00000, 0x0000000086e00000, 0x0000000086f00000|  0%| F|  |TAMS 0x0000000086e00000| PB 0x0000000086e00000| Untracked |  0
|  35|0x0000000086f00000, 0x0000000086f00000, 0x0000000087000000|  0%| F|  |TAMS 0x0000000086f00000| PB 0x0000000086f00000| Untracked |  0
|  36|0x0000000087000000, 0x0000000087000000, 0x0000000087100000|  0%| F|  |TAMS 0x0000000087000000| PB 0x0000000087000000| Untracked |  0
|  37|0x0000000087100000, 0x0000000087100000, 0x0000000087200000|  0%| F|  |TAMS 0x0000000087100000| PB 0x0000000087100000| Untracked |  0
|  38|0x0000000087200000, 0x0000000087200000, 0x0000000087300000|  0%| F|  |TAMS 0x0000000087200000| PB 0x0000000087200000| Untracked |  0
|  39|0x0000000087300000, 0x0000000087300000, 0x0000000087400000|  0%| F|  |TAMS 0x0000000087300000| PB 0x0000000087300000| Untracked |  0
|  40|0x0000000087400000, 0x0000000087400000, 0x0000000087500000|  0%| F|  |TAMS 0x0000000087400000| PB 0x0000000087400000| Untracked |  0
|  41|0x0000000087500000, 0x0000000087500000, 0x0000000087600000|  0%| F|  |TAMS 0x0000000087500000| PB 0x0000000087500000| Untracked |  0
|  42|0x0000000087600000, 0x0000000087600000, 0x0000000087700000|  0%| F|  |TAMS 0x0000000087600000| PB 0x0000000087600000| Untracked |  0
|  43|0x0000000087700000, 0x0000000087700000, 0x0000000087800000|  0%| F|  |TAMS 0x0000000087700000| PB 0x0000000087700000| Untracked |  0
|  44|0x0000000087800000, 0x0000000087800000, 0x0000000087900000|  0%| F|  |TAMS 0x0000000087800000| PB 0x0000000087800000| Untracked |  0
|  45|0x0000000087900000, 0x0000000087900000, 0x0000000087a00000|  0%| F|  |TAMS 0x0000000087900000| PB 0x0000000087900000| Untracked |  0
|  46|0x0000000087a00000, 0x0000000087a00000, 0x0000000087b00000|  0%| F|  |TAMS 0x0000000087a00000| PB 0x0000000087a00000| Untracked |  0
|  47|0x0000000087b00000, 0x0000000087b00000, 0x0000000087c00000|  0%| F|  |TAMS 0x0000000087b00000| PB 0x0000000087b00000| Untracked |  0
|  48|0x0000000087c00000, 0x0000000087c00000, 0x0000000087d00000|  0%| F|  |TAMS 0x0000000087c00000| PB 0x0000000087c00000| Untracked |  0
|  49|0x0000000087d00000, 0x0000000087d00000, 0x0000000087e00000|  0%| F|  |TAMS 0x0000000087d00000| PB 0x0000000087d00000| Untracked |  0
|  50|0x0000000087e00000, 0x0000000087e00000, 0x0000000087f00000|  0%| F|  |TAMS 0x0000000087e00000| PB 0x0000000087e00000| Untracked |  0
|  51|0x0000000087f00000, 0x0000000087f00000, 0x0000000088000000|  0%| F|  |TAMS 0x0000000087f00000| PB 0x0000000087f00000| Untracked |  0
|  52|0x0000000088000000, 0x0000000088000000, 0x0000000088100000|  0%| F|  |TAMS 0x0000000088000000| PB 0x0000000088000000| Untracked |  0
|  53|0x0000000088100000, 0x0000000088100000, 0x0000000088200000|  0%| F|  |TAMS 0x0000000088100000| PB 0x0000000088100000| Untracked |  0
|  54|0x0000000088200000, 0x0000000088200000, 0x0000000088300000|  0%| F|  |TAMS 0x0000000088200000| PB 0x0000000088200000| Untracked |  0
|  55|0x0000000088300000, 0x0000000088300000, 0x0000000088400000|  0%| F|  |TAMS 0x0000000088300000| PB 0x0000000088300000| Untracked |  0
|  67|0x0000000088f00000, 0x0000000088f54cc8, 0x0000000089000000| 33%| E|  |TAMS 0x0000000088f00000| PB 0x0000000088f00000| Complete |  0
|  68|0x0000000089000000, 0x0000000089100000, 0x0000000089100000|100%| E|CS|TAMS 0x0000000089000000| PB 0x0000000089000000| Complete |  0
|  69|0x0000000089100000, 0x0000000089200000, 0x0000000089200000|100%| E|CS|TAMS 0x0000000089100000| PB 0x0000000089100000| Complete |  0
|  70|0x0000000089200000, 0x0000000089300000, 0x0000000089300000|100%| E|CS|TAMS 0x0000000089200000| PB 0x0000000089200000| Complete |  0
|  78|0x0000000089a00000, 0x0000000089b00000, 0x0000000089b00000|100%| E|CS|TAMS 0x0000000089a00000| PB 0x0000000089a00000| Complete |  0
|  79|0x0000000089b00000, 0x0000000089c00000, 0x0000000089c00000|100%| E|CS|TAMS 0x0000000089b00000| PB 0x0000000089b00000| Complete |  0
| 123|0x000000008c700000, 0x000000008c800000, 0x000000008c800000|100%| E|CS|TAMS 0x000000008c700000| PB 0x000000008c700000| Complete |  0
|1964|0x00000000ff800000, 0x00000000ff900000, 0x00000000ff900000|100%| E|CS|TAMS 0x00000000ff800000| PB 0x00000000ff800000| Complete |  0
|1965|0x00000000ff900000, 0x00000000ffa00000, 0x00000000ffa00000|100%| O|  |TAMS 0x00000000ff900000| PB 0x00000000ff900000| Untracked |  0
|1966|0x00000000ffa00000, 0x00000000ffb00000, 0x00000000ffb00000|100%| O|  |TAMS 0x00000000ffa00000| PB 0x00000000ffa00000| Untracked |  0
|1967|0x00000000ffb00000, 0x00000000ffc00000, 0x00000000ffc00000|100%| O|  |TAMS 0x00000000ffb00000| PB 0x00000000ffb00000| Untracked |  0
|1968|0x00000000ffc00000, 0x00000000ffd00000, 0x00000000ffd00000|100%| O|  |TAMS 0x00000000ffc00000| PB 0x00000000ffc00000| Untracked |  0
|1969|0x00000000ffd00000, 0x00000000ffe00000, 0x00000000ffe00000|100%| O|  |TAMS 0x00000000ffd00000| PB 0x00000000ffd00000| Untracked |  0
|1970|0x00000000ffe00000, 0x00000000fff00000, 0x00000000fff00000|100%| O|  |TAMS 0x00000000ffe00000| PB 0x00000000ffe00000| Untracked |  0
|1971|0x00000000fff00000, 0x0000000100000000, 0x0000000100000000|100%| E|CS|TAMS 0x00000000fff00000| PB 0x00000000fff00000| Complete |  0

Card table byte_map: [0x000001dd78750000,0x000001dd78b30000] _byte_map_base: 0x000001dd7832a000

Marking Bits: (CMBitMap*) 0x000001dd6f718e90
 Bits: [0x000001dd78b30000, 0x000001dd7aa00000)

Polling page: 0x000001dd6d630000

Metaspace:
Metaspace        used 73642K, committed 74176K, reserved 1179648K
 class space     used 7825K, committed 8064K, reserved 1048576K

Usage:
  Non-class:     64.27 MB used.
      Class:      7.64 MB used.
       Both:     71.92 MB used.

Virtual space:
  Non-class space:      128.00 MB reserved,      64.56 MB ( 50%) committed,  2 nodes.
      Class space:        1.00 GB reserved,       7.88 MB ( <1%) committed,  1 nodes.
             Both:        1.12 GB reserved,      72.44 MB (  6%) committed. 

Chunk freelists:
   Non-Class:  15.47 MB
       Class:  8.07 MB
        Both:  23.53 MB

MaxMetaspaceSize: unlimited
CompressedClassSpaceSize: 1.00 GB
Initial GC threshold: 21.00 MB
Current GC threshold: 99.69 MB
CDS: on
 - commit_granule_bytes: 65536.
 - commit_granule_words: 8192.
 - virtual_space_node_default_size: 8388608.
 - enlarge_chunks_in_place: 1.
UseCompressedClassPointers 1, UseCompactObjectHeaders 0
Narrow klass pointer bits 32, Max shift 3
Narrow klass base: 0x000000003e000000, Narrow klass shift: 0
Encoding Range: [0x000000003e000000 - 0x000000013e000000), (4294967296 bytes)
Klass Range:    [0x000000003e010000 - 0x000000007f000000), (1090453504 bytes)
Klass ID Range:  [65536 - 1090519033) (1090453497)
Protection zone: [0x000000003e000000 - 0x000000003e010000), (65536 bytes)


Internal statistics:

num_allocs_failed_limit: 12.
num_arena_births: 672.
num_arena_deaths: 0.
num_vsnodes_births: 3.
num_vsnodes_deaths: 0.
num_space_committed: 1159.
num_space_uncommitted: 0.
num_chunks_returned_to_freelist: 12.
num_chunks_taken_from_freelist: 3135.
num_chunk_merges: 12.
num_chunk_splits: 2352.
num_chunks_enlarged: 1970.
num_inconsistent_stats: 0.

CodeHeap 'non-profiled nmethods': size=120064Kb used=2989Kb max_used=2989Kb free=117074Kb
 bounds [0x000001dd07ac0000, 0x000001dd07db0000, 0x000001dd0f000000]
CodeHeap 'profiled nmethods': size=120000Kb used=10623Kb max_used=10623Kb free=109376Kb
 bounds [0x000001dd00000000, 0x000001dd00a60000, 0x000001dd07530000]
CodeHeap 'non-nmethods': size=5696Kb used=1867Kb max_used=1977Kb free=3828Kb
 bounds [0x000001dd07530000, 0x000001dd077a0000, 0x000001dd07ac0000]
CodeCache: size=245760Kb, used=15479Kb, max_used=15589Kb, free=230278Kb
 total_blobs=7555, nmethods=6765, adapters=693, full_count=0
Compilation: enabled, stopped_count=0, restarted_count=0

Compilation events (20 events):
Event: 1715.955 Thread 0x000001dd7d3f9ab0 nmethod 7503 0x000001dd00a5cd88 code [0x000001dd00a5ce80, 0x000001dd00a5d038]
Event: 1715.955 Thread 0x000001dd7d3f9ab0 7504       3       sun.security.util.math.intpoly.MontgomeryIntegerPolynomialP256::get1 (13 bytes)
Event: 1715.956 Thread 0x000001dd7d3f9ab0 nmethod 7504 0x000001dd00a5d088 code [0x000001dd00a5d180, 0x000001dd00a5d5b8]
Event: 1715.956 Thread 0x000001dd7d3f9ab0 7505       3       sun.security.ssl.HandshakeOutStream::putBytes16 (27 bytes)
Event: 1715.956 Thread 0x000001dd7d3f9ab0 nmethod 7505 0x000001dd00a5d608 code [0x000001dd00a5d700, 0x000001dd00a5db18]
Event: 1715.957 Thread 0x000001dd7d3f9ab0 7506       3       java.math.BigInteger::compareTo (75 bytes)
Event: 1715.957 Thread 0x000001dd7d3f9ab0 nmethod 7506 0x000001dd00a5db88 code [0x000001dd00a5dc80, 0x000001dd00a5e040]
Event: 1715.957 Thread 0x000001dd7d3f9ab0 7507       3       java.math.MutableBigInteger::normalize (91 bytes)
Event: 1715.958 Thread 0x000001dd7d3f5940 7508       4       sun.security.ec.ECOperations::setSum (685 bytes)
Event: 1715.958 Thread 0x000001dd7d3f9ab0 nmethod 7507 0x000001dd00a5e088 code [0x000001dd00a5e180, 0x000001dd00a5e4b0]
Event: 1715.963 Thread 0x000001dd7d3f9ab0 7511       3       sun.security.ssl.Record::getInt8 (14 bytes)
Event: 1715.963 Thread 0x000001dd7d3f9ab0 nmethod 7511 0x000001dd00a5e508 code [0x000001dd00a5e600, 0x000001dd00a5ea40]
Event: 1715.964 Thread 0x000001dd7d3f9ab0 7512       3       sun.security.ssl.CertificateMessage$T13CertificateProducer$$Lambda/0x000000003f4ad480::apply (8 bytes)
Event: 1715.964 Thread 0x000001dd7d3f9ab0 nmethod 7512 0x000001dd00a5ea88 code [0x000001dd00a5eb80, 0x000001dd00a5ed78]
Event: 1715.964 Thread 0x000001dd7d3f9ab0 7513   !   3       java.security.MessageDigest::getDigestLength (30 bytes)
Event: 1715.964 Thread 0x000001dd7d3f9ab0 nmethod 7513 0x000001dd00a5ed88 code [0x000001dd00a5ee80, 0x000001dd00a5f610]
Event: 1715.964 Thread 0x000001dd7d3f9ab0 7514       3       java.security.MessageDigest$Delegate::engineGetDigestLength (8 bytes)
Event: 1715.964 Thread 0x000001dd7d3f9ab0 nmethod 7514 0x000001dd00a5f688 code [0x000001dd00a5f780, 0x000001dd00a5f950]
Event: 1715.969 Thread 0x000001dd7d3f9ab0 7515       3       com.mysql.cj.util.StringUtils::toString (11 bytes)
Event: 1715.970 Thread 0x000001dd7d3f9ab0 nmethod 7515 0x000001dd00a5f988 code [0x000001dd00a5fa80, 0x000001dd00a5fc10]

GC Heap Usage History (20 events):
Event: 0.983 {heap Before GC invocations=0 (full 0):
 garbage-first heap   total reserved 2019328K, committed 129024K, used 51349K [0x0000000084c00000, 0x0000000100000000)
  region size 1024K, 47 young (48128K), 0 survivors (0K)
}
Event: 0.991 {heap After GC invocations=1 (full 0):
 garbage-first heap   total reserved 2019328K, committed 129024K, used 11410K [0x0000000084c00000, 0x0000000100000000)
  region size 1024K, 6 young (6144K), 6 survivors (6144K)
}
Event: 1.643 {heap Before GC invocations=1 (full 0):
 garbage-first heap   total reserved 2019328K, committed 129024K, used 54418K [0x0000000084c00000, 0x0000000100000000)
  region size 1024K, 50 young (51200K), 6 survivors (6144K)
}
Event: 1.654 {heap After GC invocations=2 (full 0):
 garbage-first heap   total reserved 2019328K, committed 129024K, used 16557K [0x0000000084c00000, 0x0000000100000000)
  region size 1024K, 6 young (6144K), 6 survivors (6144K)
}
Event: 2.481 {heap Before GC invocations=3 (full 0):
 garbage-first heap   total reserved 2019328K, committed 61440K, used 59565K [0x0000000084c00000, 0x0000000100000000)
  region size 1024K, 48 young (49152K), 6 survivors (6144K)
}
Event: 2.487 {heap After GC invocations=4 (full 0):
 garbage-first heap   total reserved 2019328K, committed 72704K, used 21098K [0x0000000084c00000, 0x0000000100000000)
  region size 1024K, 5 young (5120K), 5 survivors (5120K)
}
Event: 2.952 {heap Before GC invocations=4 (full 0):
 garbage-first heap   total reserved 2019328K, committed 72704K, used 49770K [0x0000000084c00000, 0x0000000100000000)
  region size 1024K, 34 young (34816K), 5 survivors (5120K)
}
Event: 2.957 {heap After GC invocations=5 (full 0):
 garbage-first heap   total reserved 2019328K, committed 72704K, used 23286K [0x0000000084c00000, 0x0000000100000000)
  region size 1024K, 3 young (3072K), 3 survivors (3072K)
}
Event: 2.972 {heap Before GC invocations=5 (full 0):
 garbage-first heap   total reserved 2019328K, committed 72704K, used 23286K [0x0000000084c00000, 0x0000000100000000)
  region size 1024K, 4 young (4096K), 3 survivors (3072K)
}
Event: 2.974 {heap After GC invocations=6 (full 0):
 garbage-first heap   total reserved 2019328K, committed 72704K, used 23249K [0x0000000084c00000, 0x0000000100000000)
  region size 1024K, 3 young (3072K), 3 survivors (3072K)
}
Event: 4.008 {heap Before GC invocations=7 (full 0):
 garbage-first heap   total reserved 2019328K, committed 72704K, used 56017K [0x0000000084c00000, 0x0000000100000000)
  region size 1024K, 35 young (35840K), 3 survivors (3072K)
}
Event: 4.015 {heap After GC invocations=8 (full 0):
 garbage-first heap   total reserved 2019328K, committed 72704K, used 26121K [0x0000000084c00000, 0x0000000100000000)
  region size 1024K, 5 young (5120K), 5 survivors (5120K)
}
Event: 4.883 {heap Before GC invocations=8 (full 0):
 garbage-first heap   total reserved 2019328K, committed 72704K, used 56841K [0x0000000084c00000, 0x0000000100000000)
  region size 1024K, 36 young (36864K), 5 survivors (5120K)
}
Event: 4.889 {heap After GC invocations=9 (full 0):
 garbage-first heap   total reserved 2019328K, committed 72704K, used 27346K [0x0000000084c00000, 0x0000000100000000)
  region size 1024K, 2 young (2048K), 2 survivors (2048K)
}
Event: 5.073 {heap Before GC invocations=9 (full 0):
 garbage-first heap   total reserved 2019328K, committed 72704K, used 34514K [0x0000000084c00000, 0x0000000100000000)
  region size 1024K, 10 young (10240K), 2 survivors (2048K)
}
Event: 5.076 {heap After GC invocations=10 (full 0):
 garbage-first heap   total reserved 2019328K, committed 72704K, used 27583K [0x0000000084c00000, 0x0000000100000000)
  region size 1024K, 3 young (3072K), 3 survivors (3072K)
}
Event: 5.979 {heap Before GC invocations=11 (full 0):
 garbage-first heap   total reserved 2019328K, committed 72704K, used 60351K [0x0000000084c00000, 0x0000000100000000)
  region size 1024K, 35 young (35840K), 3 survivors (3072K)
}
Event: 5.984 {heap After GC invocations=12 (full 0):
 garbage-first heap   total reserved 2019328K, committed 72704K, used 30258K [0x0000000084c00000, 0x0000000100000000)
  region size 1024K, 5 young (5120K), 5 survivors (5120K)
}
Event: 268.555 {heap Before GC invocations=12 (full 0):
 garbage-first heap   total reserved 2019328K, committed 72704K, used 60978K [0x0000000084c00000, 0x0000000100000000)
  region size 1024K, 36 young (36864K), 5 survivors (5120K)
}
Event: 268.578 {heap After GC invocations=13 (full 0):
 garbage-first heap   total reserved 2019328K, committed 72704K, used 32370K [0x0000000084c00000, 0x0000000100000000)
  region size 1024K, 5 young (5120K), 5 survivors (5120K)
}

Metaspace Usage History (20 events):
Event: 0.983 {metaspace Before GC invocations=0 (full 0):
 Metaspace       used 12859K, committed 13120K, reserved 1114112K
  class space    used 1215K, committed 1344K, reserved 1048576K
}
Event: 0.991 {metaspace After GC invocations=1 (full 0):
 Metaspace       used 12859K, committed 13120K, reserved 1114112K
  class space    used 1215K, committed 1344K, reserved 1048576K
}
Event: 1.643 {metaspace Before GC invocations=1 (full 0):
 Metaspace       used 21230K, committed 21504K, reserved 1114112K
  class space    used 2019K, committed 2176K, reserved 1048576K
}
Event: 1.654 {metaspace After GC invocations=2 (full 0):
 Metaspace       used 21230K, committed 21504K, reserved 1114112K
  class space    used 2019K, committed 2176K, reserved 1048576K
}
Event: 2.481 {metaspace Before GC invocations=3 (full 0):
 Metaspace       used 28758K, committed 29120K, reserved 1114112K
  class space    used 2915K, committed 3072K, reserved 1048576K
}
Event: 2.487 {metaspace After GC invocations=4 (full 0):
 Metaspace       used 28758K, committed 29120K, reserved 1114112K
  class space    used 2915K, committed 3072K, reserved 1048576K
}
Event: 2.952 {metaspace Before GC invocations=4 (full 0):
 Metaspace       used 35657K, committed 35968K, reserved 1114112K
  class space    used 3743K, committed 3904K, reserved 1048576K
}
Event: 2.957 {metaspace After GC invocations=5 (full 0):
 Metaspace       used 35657K, committed 35968K, reserved 1114112K
  class space    used 3743K, committed 3904K, reserved 1048576K
}
Event: 2.972 {metaspace Before GC invocations=5 (full 0):
 Metaspace       used 35940K, committed 36288K, reserved 1114112K
  class space    used 3765K, committed 3904K, reserved 1048576K
}
Event: 2.974 {metaspace After GC invocations=6 (full 0):
 Metaspace       used 35940K, committed 36288K, reserved 1114112K
  class space    used 3765K, committed 3904K, reserved 1048576K
}
Event: 4.008 {metaspace Before GC invocations=7 (full 0):
 Metaspace       used 48631K, committed 49088K, reserved 1114112K
  class space    used 5079K, committed 5312K, reserved 1048576K
}
Event: 4.015 {metaspace After GC invocations=8 (full 0):
 Metaspace       used 48631K, committed 49088K, reserved 1114112K
  class space    used 5079K, committed 5312K, reserved 1048576K
}
Event: 4.883 {metaspace Before GC invocations=8 (full 0):
 Metaspace       used 58611K, committed 59072K, reserved 1114112K
  class space    used 6151K, committed 6336K, reserved 1048576K
}
Event: 4.889 {metaspace After GC invocations=9 (full 0):
 Metaspace       used 58611K, committed 59072K, reserved 1114112K
  class space    used 6151K, committed 6336K, reserved 1048576K
}
Event: 5.073 {metaspace Before GC invocations=9 (full 0):
 Metaspace       used 60492K, committed 60928K, reserved 1114112K
  class space    used 6375K, committed 6592K, reserved 1048576K
}
Event: 5.076 {metaspace After GC invocations=10 (full 0):
 Metaspace       used 60492K, committed 60928K, reserved 1114112K
  class space    used 6375K, committed 6592K, reserved 1048576K
}
Event: 5.979 {metaspace Before GC invocations=11 (full 0):
 Metaspace       used 65737K, committed 66240K, reserved 1114112K
  class space    used 6995K, committed 7232K, reserved 1048576K
}
Event: 5.984 {metaspace After GC invocations=12 (full 0):
 Metaspace       used 65737K, committed 66240K, reserved 1114112K
  class space    used 6995K, committed 7232K, reserved 1048576K
}
Event: 268.555 {metaspace Before GC invocations=12 (full 0):
 Metaspace       used 72871K, committed 73344K, reserved 1179648K
  class space    used 7750K, committed 7936K, reserved 1048576K
}
Event: 268.578 {metaspace After GC invocations=13 (full 0):
 Metaspace       used 72871K, committed 73344K, reserved 1179648K
  class space    used 7750K, committed 7936K, reserved 1048576K
}

Dll operation events (11 events):
Event: 0.012 Loaded shared library C:\Program Files\Java\jdk-25\bin\java.dll
Event: 0.134 Loaded shared library C:\Program Files\Java\jdk-25\bin\zip.dll
Event: 0.138 Loaded shared library C:\Program Files\Java\jdk-25\bin\instrument.dll
Event: 0.142 Loaded shared library C:\Program Files\Java\jdk-25\bin\net.dll
Event: 0.144 Loaded shared library C:\Program Files\Java\jdk-25\bin\nio.dll
Event: 0.148 Loaded shared library C:\Program Files\Java\jdk-25\bin\zip.dll
Event: 0.264 Loaded shared library C:\Program Files\Java\jdk-25\bin\extnet.dll
Event: 0.277 Loaded shared library C:\Program Files\Java\jdk-25\bin\jimage.dll
Event: 1.158 Loaded shared library C:\Program Files\Java\jdk-25\bin\sunmscapi.dll
Event: 2.370 Loaded shared library C:\Program Files\Java\jdk-25\bin\management.dll
Event: 2.372 Loaded shared library C:\Program Files\Java\jdk-25\bin\management_ext.dll

Deoptimization events (20 events):
Event: 282.916 Thread 0x000001dd14b09750 DEOPT PACKING pc=0x000001dd07b1c1f8 sp=0x000000c783ffd790
Event: 282.916 Thread 0x000001dd14b09750 DEOPT UNPACKING pc=0x000001dd0765f002 sp=0x000000c783ffd760 mode 2
Event: 282.920 Thread 0x000001dd14b09750 Uncommon trap: trap_request=0xffffffc6 fr.pc=0x000001dd07cbe57c relative=0x000000000000007c
Event: 282.920 Thread 0x000001dd14b09750 Uncommon trap: reason=bimorphic_or_optimized_type_check action=maybe_recompile pc=0x000001dd07cbe57c method=java.lang.CharSequence.isEmpty()Z @ 1 c2
Event: 282.920 Thread 0x000001dd14b09750 DEOPT PACKING pc=0x000001dd07cbe57c sp=0x000000c783ffe5f0
Event: 282.920 Thread 0x000001dd14b09750 DEOPT UNPACKING pc=0x000001dd0765f002 sp=0x000000c783ffe590 mode 2
Event: 282.952 Thread 0x000001dd14b09750 Uncommon trap: trap_request=0xffffff45 fr.pc=0x000001dd07cd51bc relative=0x00000000000003bc
Event: 282.952 Thread 0x000001dd14b09750 Uncommon trap: reason=unstable_if action=reinterpret pc=0x000001dd07cd51bc method=java.util.Arrays$ArrayList.indexOf(Ljava/lang/Object;)I @ 6 c2
Event: 282.952 Thread 0x000001dd14b09750 DEOPT PACKING pc=0x000001dd07cd51bc sp=0x000000c783ffd310
Event: 282.952 Thread 0x000001dd14b09750 DEOPT UNPACKING pc=0x000001dd0765f002 sp=0x000000c783ffd290 mode 2
Event: 300.744 Thread 0x000001dd14b0d5d0 Uncommon trap: trap_request=0xffffffc6 fr.pc=0x000001dd07cbe57c relative=0x000000000000007c
Event: 300.744 Thread 0x000001dd14b0d5d0 Uncommon trap: reason=bimorphic_or_optimized_type_check action=maybe_recompile pc=0x000001dd07cbe57c method=java.lang.CharSequence.isEmpty()Z @ 1 c2
Event: 300.744 Thread 0x000001dd14b0d5d0 DEOPT PACKING pc=0x000001dd07cbe57c sp=0x000000c7846fea90
Event: 300.744 Thread 0x000001dd14b0d5d0 DEOPT UNPACKING pc=0x000001dd0765f002 sp=0x000000c7846fea30 mode 2
Event: 1521.305 Thread 0x000001dd131145a0 DEOPT PACKING pc=0x000001dd007b3984 sp=0x000000c7818fde50
Event: 1521.307 Thread 0x000001dd131145a0 DEOPT UNPACKING pc=0x000001dd075812a2 sp=0x000000c7818fd2d0 mode 0
Event: 1547.517 Thread 0x000001dd13115540 DEOPT PACKING pc=0x000001dd00a0ae01 sp=0x000000c7818fe830
Event: 1547.517 Thread 0x000001dd13115540 DEOPT UNPACKING pc=0x000001dd075812a2 sp=0x000000c7818fdcc8 mode 0
Event: 1547.525 Thread 0x000001dd13115540 DEOPT PACKING pc=0x000001dd007b76e6 sp=0x000000c7818fde80
Event: 1547.526 Thread 0x000001dd13115540 DEOPT UNPACKING pc=0x000001dd075812a2 sp=0x000000c7818fd2d8 mode 0

Classes loaded (20 events):
Event: 282.931 Loading class java/util/stream/IntPipeline$StatelessOp done
Event: 282.931 Loading class java/util/stream/ReferencePipeline$4 done
Event: 282.931 Loading class java/util/function/IntBinaryOperator
Event: 282.932 Loading class java/util/function/IntBinaryOperator done
Event: 282.933 Loading class java/util/stream/ReduceOps$7
Event: 282.934 Loading class java/util/stream/ReduceOps$7 done
Event: 282.934 Loading class java/util/stream/ReduceOps$6ReducingSink
Event: 282.935 Loading class java/util/stream/ReduceOps$6ReducingSink done
Event: 282.935 Loading class java/util/stream/ReferencePipeline$4$1
Event: 282.936 Loading class java/util/stream/ReferencePipeline$4$1 done
Event: 282.953 Loading class java/util/AbstractMap$SimpleEntry
Event: 282.954 Loading class java/util/AbstractMap$SimpleEntry done
Event: 1356.479 Loading class sun/security/ssl/Alert
Event: 1356.504 Loading class sun/security/ssl/Alert done
Event: 1356.508 Loading class sun/security/ssl/Alert$AlertConsumer
Event: 1356.514 Loading class sun/security/ssl/Alert$AlertConsumer done
Event: 1356.514 Loading class sun/security/ssl/Alert$Level
Event: 1356.516 Loading class sun/security/ssl/Alert$Level done
Event: 1356.525 Loading class sun/net/ConnectionResetException
Event: 1356.526 Loading class sun/net/ConnectionResetException done

Classes unloaded (0 events):
No events

Classes redefined (0 events):
No events

Internal exceptions (20 events):
Event: 6.020 Thread 0x000001dd6d321500 Exception <a 'java/lang/NoSuchMethodError'{0x00000000ff87ecd8}: 'java.lang.Object java.lang.invoke.DirectMethodHandle$Holder.invokeVirtual(java.lang.Object, java.lang.Object, int)'> (0x00000000ff87ecd8) 
thrown [s\open\src\hotspot\share\interpreter\linkResolver.cpp, line 804]
Event: 6.106 Thread 0x000001dd6d321500 Exception <a 'java/lang/IncompatibleClassChangeError'{0x0000000089211550}: Found class java.lang.Object, but interface was expected> (0x0000000089211550) 
thrown [s\open\src\hotspot\share\interpreter\linkResolver.cpp, line 871]
Event: 6.216 Thread 0x000001dd6d321500 Exception <a 'java/lang/NoSuchMethodError'{0x0000000088f920e0}: 'int java.lang.invoke.DirectMethodHandle$Holder.invokeStaticInit(java.lang.Object, java.lang.Object, java.lang.Object, java.lang.Object)'> (0x0000000088f920e0) 
thrown [s\open\src\hotspot\share\interpreter\linkResolver.cpp, line 804]
Event: 6.281 Thread 0x000001dd6d321500 Exception <a 'java/lang/IncompatibleClassChangeError'{0x00000000882ce7c0}: Found class java.lang.Object, but interface was expected> (0x00000000882ce7c0) 
thrown [s\open\src\hotspot\share\interpreter\linkResolver.cpp, line 871]
Event: 6.290 Thread 0x000001dd6d321500 Implicit null exception at 0x000001dd07bd5d25 to 0x000001dd07bd5e6c
Event: 6.351 Thread 0x000001dd6d321500 Exception <a 'java/lang/NoSuchMethodError'{0x0000000087f53440}: 'java.lang.Object java.lang.invoke.DirectMethodHandle$Holder.newInvokeSpecial(java.lang.Object, java.lang.Object, int, java.lang.Object, java.lang.Object)'> (0x0000000087f53440) 
thrown [s\open\src\hotspot\share\interpreter\linkResolver.cpp, line 804]
Event: 267.169 Thread 0x000001dd1310f780 Exception <a 'java/lang/NoSuchMethodError'{0x0000000087a676e8}: 'java.lang.Object java.lang.invoke.DirectMethodHandle$Holder.invokeStatic(java.lang.Object, java.lang.Object, java.lang.Object, int, int)'> (0x0000000087a676e8) 
thrown [s\open\src\hotspot\share\interpreter\linkResolver.cpp, line 804]
Event: 267.181 Thread 0x000001dd1310f780 Exception <a 'java/lang/NoSuchMethodError'{0x0000000087a6f640}: 'java.lang.Object java.lang.invoke.DirectMethodHandle$Holder.invokeStaticInit(java.lang.Object, java.lang.Object, java.lang.Object, int, int)'> (0x0000000087a6f640) 
thrown [s\open\src\hotspot\share\interpreter\linkResolver.cpp, line 804]
Event: 267.343 Thread 0x000001dd14b0a6f0 Exception <a 'java/lang/NoSuchMethodError'{0x000000008790acd0}: 'java.lang.Object java.lang.invoke.DirectMethodHandle$Holder.invokeSpecial(java.lang.Object, java.lang.Object, java.lang.Object, java.lang.Object, java.lang.Object, long)'> (0x000000008790acd0) 
thrown [s\open\src\hotspot\share\interpreter\linkResolver.cpp, line 804]
Event: 267.345 Thread 0x000001dd14b0a6f0 Exception <a 'java/lang/NoSuchMethodError'{0x0000000087913608}: 'java.lang.Object java.lang.invoke.DirectMethodHandle$Holder.invokeSpecial(java.lang.Object, java.lang.Object, java.lang.Object, java.lang.Object, java.lang.Object, java.lang.Object, long)'> (0x0000000087913608) 
thrown [s\open\src\hotspot\share\interpreter\linkResolver.cpp, line 804]
Event: 267.346 Thread 0x000001dd14b0a6f0 Exception <a 'java/lang/NoSuchMethodError'{0x000000008791b988}: 'java.lang.Object java.lang.invoke.DelegatingMethodHandle$Holder.reinvoke_L(java.lang.Object, java.lang.Object, java.lang.Object, java.lang.Object, java.lang.Object, long)'> (0x000000008791b988) 
thrown [s\open\src\hotspot\share\interpreter\linkResolver.cpp, line 804]
Event: 267.348 Thread 0x000001dd14b0a6f0 Exception <a 'java/lang/NoSuchMethodError'{0x000000008792bd70}: 'java.lang.Object java.lang.invoke.Invokers$Holder.linkToTargetMethod(java.lang.Object, java.lang.Object, java.lang.Object, long, java.lang.Object)'> (0x000000008792bd70) 
thrown [s\open\src\hotspot\share\interpreter\linkResolver.cpp, line 804]
Event: 268.069 Thread 0x000001dd14b0a6f0 Exception <a 'java/lang/NoSuchMethodError'{0x0000000087247ae0}: 'java.lang.Object java.lang.invoke.Invokers$Holder.invoker(java.lang.Object, java.lang.Object, java.lang.Object, java.lang.Object, java.lang.Object, java.lang.Object)'> (0x0000000087247ae0) 
thrown [s\open\src\hotspot\share\interpreter\linkResolver.cpp, line 804]
Event: 268.144 Thread 0x000001dd14b0a6f0 Exception <a 'java/lang/IncompatibleClassChangeError'{0x00000000871076b0}: Found class java.lang.Object, but interface was expected> (0x00000000871076b0) 
thrown [s\open\src\hotspot\share\interpreter\linkResolver.cpp, line 871]
Event: 268.302 Thread 0x000001dd14b0a6f0 Exception <a 'java/lang/NoSuchMethodError'{0x0000000086f63e40}: 'int java.lang.invoke.DirectMethodHandle$Holder.invokeStatic(java.lang.Object, java.lang.Object, int, int)'> (0x0000000086f63e40) 
thrown [s\open\src\hotspot\share\interpreter\linkResolver.cpp, line 804]
Event: 268.473 Thread 0x000001dd14b0a6f0 Exception <a 'java/lang/IncompatibleClassChangeError'{0x0000000086e17b30}: Found class java.lang.Object, but interface was expected> (0x0000000086e17b30) 
thrown [s\open\src\hotspot\share\interpreter\linkResolver.cpp, line 871]
Event: 282.952 Thread 0x000001dd14b09750 Implicit null exception at 0x000001dd07cd4e2e to 0x000001dd07cd51a4
Event: 1356.519 Thread 0x000001dd131145a0 Exception <a 'java/io/IOException'{0x0000000089b6aee0}> (0x0000000089b6aee0) 
thrown [s\open\src\hotspot\share\prims\jni.cpp, line 516]
Event: 1356.525 Thread 0x000001dd131145a0 Exception <a 'java/io/IOException'{0x0000000089b6c378}> (0x0000000089b6c378) 
thrown [s\open\src\hotspot\share\prims\jni.cpp, line 516]
Event: 1521.279 Thread 0x000001dd7d450e60 Exception <a 'java/net/SocketException'{0x0000000089af02e0}: Connection reset by peer: shutdown> (0x0000000089af02e0) 
thrown [s\open\src\hotspot\share\prims\jni.cpp, line 534]

VM Operations (20 events):
Event: 267.412 Executing non-safepoint VM operation: HandshakeAllThreads (Deoptimize)
Event: 267.413 Executing non-safepoint VM operation: HandshakeAllThreads (Deoptimize) done
Event: 267.940 Executing non-safepoint VM operation: HandshakeAllThreads (Deoptimize)
Event: 267.940 Executing non-safepoint VM operation: HandshakeAllThreads (Deoptimize) done
Event: 268.203 Executing non-safepoint VM operation: HandshakeAllThreads (Deoptimize)
Event: 268.203 Executing non-safepoint VM operation: HandshakeAllThreads (Deoptimize) done
Event: 268.509 Executing non-safepoint VM operation: HandshakeAllThreads (Deoptimize)
Event: 268.509 Executing non-safepoint VM operation: HandshakeAllThreads (Deoptimize) done
Event: 268.552 Executing safepoint VM operation: G1CollectForAllocation (G1 Evacuation Pause)
Event: 268.578 Executing safepoint VM operation: G1CollectForAllocation (G1 Evacuation Pause) done
Event: 268.618 Executing non-safepoint VM operation: HandshakeAllThreads (Deoptimize)
Event: 268.619 Executing non-safepoint VM operation: HandshakeAllThreads (Deoptimize) done
Event: 300.775 Executing non-safepoint VM operation: HandshakeAllThreads (HandshakeForDeflation)
Event: 300.775 Executing non-safepoint VM operation: HandshakeAllThreads (HandshakeForDeflation) done
Event: 300.775 Executing non-safepoint VM operation: RendezvousGCThreads
Event: 300.775 Executing non-safepoint VM operation: RendezvousGCThreads done
Event: 360.819 Executing non-safepoint VM operation: HandshakeAllThreads (HandshakeForDeflation)
Event: 360.819 Executing non-safepoint VM operation: HandshakeAllThreads (HandshakeForDeflation) done
Event: 360.819 Executing non-safepoint VM operation: RendezvousGCThreads
Event: 360.819 Executing non-safepoint VM operation: RendezvousGCThreads done

Memory protections (0 events):
No events

Nmethod flushes (20 events):
Event: 5.100 Thread 0x000001dd7d3cce10 flushing  nmethod 0x000001dd00733f08
Event: 5.100 Thread 0x000001dd7d3cce10 flushing  nmethod 0x000001dd07b7d288
Event: 5.100 Thread 0x000001dd7d3cce10 flushing  nmethod 0x000001dd07bca488
Event: 5.100 Thread 0x000001dd7d3cce10 flushing  nmethod 0x000001dd00055108
Event: 5.100 Thread 0x000001dd7d3cce10 flushing  nmethod 0x000001dd00149808
Event: 5.100 Thread 0x000001dd7d3cce10 flushing  nmethod 0x000001dd0014b988
Event: 5.100 Thread 0x000001dd7d3cce10 flushing  nmethod 0x000001dd0014d308
Event: 5.100 Thread 0x000001dd7d3cce10 flushing  nmethod 0x000001dd0014d988
Event: 5.100 Thread 0x000001dd7d3cce10 flushing  nmethod 0x000001dd0014fc88
Event: 5.100 Thread 0x000001dd7d3cce10 flushing  nmethod 0x000001dd002bca08
Event: 5.100 Thread 0x000001dd7d3cce10 flushing  nmethod 0x000001dd00351888
Event: 5.100 Thread 0x000001dd7d3cce10 flushing  nmethod 0x000001dd00354008
Event: 5.100 Thread 0x000001dd7d3cce10 flushing  nmethod 0x000001dd003b6e88
Event: 5.100 Thread 0x000001dd7d3cce10 flushing  nmethod 0x000001dd003b7708
Event: 5.100 Thread 0x000001dd7d3cce10 flushing  nmethod 0x000001dd003fd288
Event: 5.100 Thread 0x000001dd7d3cce10 flushing  nmethod 0x000001dd00488608
Event: 5.100 Thread 0x000001dd7d3cce10 flushing  nmethod 0x000001dd005c3888
Event: 5.100 Thread 0x000001dd7d3cce10 flushing  nmethod 0x000001dd00615708
Event: 5.100 Thread 0x000001dd7d3cce10 flushing  nmethod 0x000001dd006b9488
Event: 5.100 Thread 0x000001dd7d3cce10 flushing  nmethod 0x000001dd006ba608

Events (20 events):
Event: 1526.296 Thread 0x000001dd7d450e60 Thread exited: 0x000001dd7d450e60
Event: 1526.359 Thread 0x000001dd131145a0 Thread exited: 0x000001dd131145a0
Event: 1547.508 Thread 0x000001dd14646db0 Thread added: 0x000001dd131145a0
Event: 1547.510 Thread 0x000001dd131145a0 Thread added: 0x000001dd13115540
Event: 1552.524 Thread 0x000001dd131145a0 Thread exited: 0x000001dd131145a0
Event: 1552.571 Thread 0x000001dd13115540 Thread exited: 0x000001dd13115540
Event: 1575.105 Thread 0x000001dd14646db0 Thread added: 0x000001dd146465e0
Event: 1575.111 Thread 0x000001dd146465e0 Thread added: 0x000001dd13114d70
Event: 1584.336 Thread 0x000001dd146465e0 Thread exited: 0x000001dd146465e0
Event: 1584.398 Thread 0x000001dd13114d70 Thread exited: 0x000001dd13114d70
Event: 1633.400 Thread 0x000001dd14646db0 Thread added: 0x000001dd131145a0
Event: 1633.403 Thread 0x000001dd131145a0 Thread added: 0x000001dd13114d70
Event: 1638.416 Thread 0x000001dd131145a0 Thread exited: 0x000001dd131145a0
Event: 1638.478 Thread 0x000001dd13114d70 Thread exited: 0x000001dd13114d70
Event: 1646.537 Thread 0x000001dd14646db0 Thread added: 0x000001dd146465e0
Event: 1646.539 Thread 0x000001dd146465e0 Thread added: 0x000001dd13114d70
Event: 1651.548 Thread 0x000001dd146465e0 Thread exited: 0x000001dd146465e0
Event: 1651.610 Thread 0x000001dd13114d70 Thread exited: 0x000001dd13114d70
Event: 1715.949 Thread 0x000001dd14646db0 Thread added: 0x000001dd131145a0
Event: 1715.950 Thread 0x000001dd131145a0 Thread added: 0x000001dd13115540


Dynamic libraries:
0x00007ff7d8bf0000 - 0x00007ff7d8c00000 	C:\Program Files\Java\jdk-25\bin\java.exe
0x00007ff939520000 - 0x00007ff939787000 	C:\WINDOWS\SYSTEM32\ntdll.dll
0x00007ff937f50000 - 0x00007ff938019000 	C:\WINDOWS\System32\KERNEL32.DLL
0x00007ff9369f0000 - 0x00007ff936ddf000 	C:\WINDOWS\System32\KERNELBASE.dll
0x00007ff9370c0000 - 0x00007ff93720b000 	C:\WINDOWS\System32\ucrtbase.dll
0x00007ff91a540000 - 0x00007ff91a557000 	C:\Program Files\Java\jdk-25\bin\jli.dll
0x00007ff91c3d0000 - 0x00007ff91c3ee000 	C:\Program Files\Java\jdk-25\bin\VCRUNTIME140.dll
0x00007ff937d20000 - 0x00007ff937ee5000 	C:\WINDOWS\System32\USER32.dll
0x00007ff919330000 - 0x00007ff9195c3000 	C:\WINDOWS\WinSxS\amd64_microsoft.windows.common-controls_6595b64144ccf1df_6.0.26100.7309_none_3e05feeae336a044\COMCTL32.dll
0x00007ff936df0000 - 0x00007ff936e17000 	C:\WINDOWS\System32\win32u.dll
0x00007ff9390d0000 - 0x00007ff939179000 	C:\WINDOWS\System32\msvcrt.dll
0x00007ff937f20000 - 0x00007ff937f4b000 	C:\WINDOWS\System32\GDI32.dll
0x00007ff936e20000 - 0x00007ff936f4c000 	C:\WINDOWS\System32\gdi32full.dll
0x00007ff937210000 - 0x00007ff9372b3000 	C:\WINDOWS\System32\msvcp_win.dll
0x00007ff938c20000 - 0x00007ff938c51000 	C:\WINDOWS\System32\IMM32.DLL
0x00007ff91a530000 - 0x00007ff91a53c000 	C:\Program Files\Java\jdk-25\bin\vcruntime140_1.dll
0x00007ff9081e0000 - 0x00007ff90826d000 	C:\Program Files\Java\jdk-25\bin\msvcp140.dll
0x00007ff879710000 - 0x00007ff87a56f000 	C:\Program Files\Java\jdk-25\bin\server\jvm.dll
0x00007ff938c60000 - 0x00007ff938d14000 	C:\WINDOWS\System32\ADVAPI32.dll
0x00007ff9386f0000 - 0x00007ff938796000 	C:\WINDOWS\System32\sechost.dll
0x00007ff938540000 - 0x00007ff938658000 	C:\WINDOWS\System32\RPCRT4.dll
0x00007ff938660000 - 0x00007ff9386d4000 	C:\WINDOWS\System32\WS2_32.dll
0x00007ff9364d0000 - 0x00007ff93652e000 	C:\WINDOWS\SYSTEM32\POWRPROF.dll
0x00007ff92d500000 - 0x00007ff92d535000 	C:\WINDOWS\SYSTEM32\WINMM.dll
0x00007ff92d140000 - 0x00007ff92d14b000 	C:\WINDOWS\SYSTEM32\VERSION.dll
0x00007ff9364b0000 - 0x00007ff9364c4000 	C:\WINDOWS\SYSTEM32\UMPDC.dll
0x00007ff9353c0000 - 0x00007ff9353db000 	C:\WINDOWS\SYSTEM32\kernel.appcore.dll
0x00007ff91a510000 - 0x00007ff91a51a000 	C:\Program Files\Java\jdk-25\bin\jimage.dll
0x00007ff933be0000 - 0x00007ff933e22000 	C:\WINDOWS\SYSTEM32\DBGHELP.DLL
0x00007ff938d20000 - 0x00007ff9390a5000 	C:\WINDOWS\System32\combase.dll
0x00007ff938b40000 - 0x00007ff938c16000 	C:\WINDOWS\System32\OLEAUT32.dll
0x00007ff910e60000 - 0x00007ff910e9c000 	C:\WINDOWS\SYSTEM32\dbgcore.DLL
0x00007ff936940000 - 0x00007ff9369e5000 	C:\WINDOWS\System32\bcryptPrimitives.dll
0x00007ff91a500000 - 0x00007ff91a510000 	C:\Program Files\Java\jdk-25\bin\instrument.dll
0x00007ff91a4e0000 - 0x00007ff91a4ff000 	C:\Program Files\Java\jdk-25\bin\java.dll
0x00007ff9373c0000 - 0x00007ff937557000 	C:\WINDOWS\System32\ole32.dll
0x00007ff9375c0000 - 0x00007ff937d13000 	C:\WINDOWS\System32\SHELL32.dll
0x00007ff936f50000 - 0x00007ff9370ba000 	C:\WINDOWS\System32\wintypes.dll
0x00007ff934240000 - 0x00007ff934a9e000 	C:\WINDOWS\SYSTEM32\windows.storage.dll
0x00007ff9372c0000 - 0x00007ff9373b5000 	C:\WINDOWS\System32\SHCORE.dll
0x00007ff9387a0000 - 0x00007ff938806000 	C:\WINDOWS\System32\shlwapi.dll
0x00007ff936590000 - 0x00007ff9365b9000 	C:\WINDOWS\SYSTEM32\profapi.dll
0x00007ff917840000 - 0x00007ff917857000 	C:\Program Files\Java\jdk-25\bin\zip.dll
0x00007ff91a4c0000 - 0x00007ff91a4d2000 	C:\Program Files\Java\jdk-25\bin\net.dll
0x00007ff935990000 - 0x00007ff9359fb000 	C:\WINDOWS\system32\mswsock.dll
0x00007ff91a4a0000 - 0x00007ff91a4b6000 	C:\Program Files\Java\jdk-25\bin\nio.dll
0x00007ff917830000 - 0x00007ff917839000 	C:\Program Files\Java\jdk-25\bin\extnet.dll
0x00007ff917820000 - 0x00007ff91782e000 	C:\Program Files\Java\jdk-25\bin\sunmscapi.dll
0x00007ff936670000 - 0x00007ff9367e7000 	C:\WINDOWS\System32\CRYPT32.dll
0x00007ff935e70000 - 0x00007ff935ea0000 	C:\WINDOWS\SYSTEM32\ncrypt.dll
0x00007ff935e20000 - 0x00007ff935e5f000 	C:\WINDOWS\SYSTEM32\NTASN1.dll
0x00007ff935c60000 - 0x00007ff935c7b000 	C:\WINDOWS\SYSTEM32\CRYPTSP.dll
0x00007ff935380000 - 0x00007ff9353ba000 	C:\WINDOWS\system32\rsaenh.dll
0x00007ff935a40000 - 0x00007ff935a6b000 	C:\WINDOWS\SYSTEM32\USERENV.dll
0x00007ff936560000 - 0x00007ff93658a000 	C:\WINDOWS\SYSTEM32\bcrypt.dll
0x00007ff935c50000 - 0x00007ff935c5c000 	C:\WINDOWS\SYSTEM32\CRYPTBASE.dll
0x00007ff934de0000 - 0x00007ff934e14000 	C:\WINDOWS\SYSTEM32\IPHLPAPI.DLL
0x00007ff939340000 - 0x00007ff93934a000 	C:\WINDOWS\System32\NSI.dll
0x00007ff917800000 - 0x00007ff91780a000 	C:\Program Files\Java\jdk-25\bin\management.dll
0x00007ff9177f0000 - 0x00007ff9177fc000 	C:\Program Files\Java\jdk-25\bin\management_ext.dll
0x00007ff9390b0000 - 0x00007ff9390b8000 	C:\WINDOWS\System32\PSAPI.DLL
0x00007ff934e70000 - 0x00007ff934f9c000 	C:\WINDOWS\SYSTEM32\DNSAPI.dll
0x00007ff92fd20000 - 0x00007ff92fd2b000 	C:\Windows\System32\rasadhlp.dll
0x00007ff92fc90000 - 0x00007ff92fd16000 	C:\WINDOWS\System32\fwpuclnt.dll
0x00007ff8abb50000 - 0x00007ff8abb58000 	C:\WINDOWS\system32\wshunix.dll

JVMTI agents:
C:\Program Files\JetBrains\IntelliJ IDEA Community Edition 2024.3.2.2\lib\idea_rt.jar path:C:\Program Files\Java\jdk-25\bin\instrument.dll, loaded, initialized, instrumentlib options:65161

dbghelp: loaded successfully - version: 4.0.5 - missing functions: none
symbol engine: initialized successfully - sym options: 0x614 - pdb path: .;C:\Program Files\Java\jdk-25\bin;C:\WINDOWS\SYSTEM32;C:\WINDOWS\WinSxS\amd64_microsoft.windows.common-controls_6595b64144ccf1df_6.0.26100.7309_none_3e05feeae336a044;C:\Program Files\Java\jdk-25\bin\server

VM Arguments:
jvm_args: -javaagent:C:\Program Files\JetBrains\IntelliJ IDEA Community Edition 2024.3.2.2\lib\idea_rt.jar=65161 -Dfile.encoding=UTF-8 -Dsun.stdout.encoding=UTF-8 -Dsun.stderr.encoding=UTF-8 
java_command: com.fit.FitlyFy.FitlyFyApplication
java_class_path (initial): D:\SpringBoot\EmX\FitlyFy\FitlyFy\target\classes;C:\Users\hvs16\.m2\repository\org\springframework\boot\spring-boot-starter-webmvc\4.0.1\spring-boot-starter-webmvc-4.0.1.jar;C:\Users\hvs16\.m2\repository\org\springframework\boot\spring-boot-starter\4.0.1\spring-boot-starter-4.0.1.jar;C:\Users\hvs16\.m2\repository\org\springframework\boot\spring-boot-starter-logging\4.0.1\spring-boot-starter-logging-4.0.1.jar;C:\Users\hvs16\.m2\repository\ch\qos\logback\logback-classic\1.5.22\logback-classic-1.5.22.jar;C:\Users\hvs16\.m2\repository\ch\qos\logback\logback-core\1.5.22\logback-core-1.5.22.jar;C:\Users\hvs16\.m2\repository\org\apache\logging\log4j\log4j-to-slf4j\2.25.3\log4j-to-slf4j-2.25.3.jar;C:\Users\hvs16\.m2\repository\org\apache\logging\log4j\log4j-api\2.25.3\log4j-api-2.25.3.jar;C:\Users\hvs16\.m2\repository\org\slf4j\jul-to-slf4j\2.0.17\jul-to-slf4j-2.0.17.jar;C:\Users\hvs16\.m2\repository\org\springframework\boot\spring-boot-autoconfigure\4.0.1\spring-boot-autoconfigure-4.0.1.jar;C:\Users\hvs16\.m2\repository\jakarta\annotation\jakarta.annotation-api\3.0.0\jakarta.annotation-api-3.0.0.jar;C:\Users\hvs16\.m2\repository\org\yaml\snakeyaml\2.5\snakeyaml-2.5.jar;C:\Users\hvs16\.m2\repository\org\springframework\boot\spring-boot-starter-jackson\4.0.1\spring-boot-starter-jackson-4.0.1.jar;C:\Users\hvs16\.m2\repository\org\springframework\boot\spring-boot-jackson\4.0.1\spring-boot-jackson-4.0.1.jar;C:\Users\hvs16\.m2\repository\tools\jackson\core\jackson-databind\3.0.3\jackson-databind-3.0.3.jar;C:\Users\hvs16\.m2\repository\com\fasterxml\jackson\core\jackson-annotations\2.20\jackson-annotations-2.20.jar;C:\Users\hvs16\.m2\repository\tools\jackson\core\jackson-core\3.0.3\jackson-core-3.0.3.jar;C:\Users\hvs16\.m2\repository\org\springframework\boot\spring-boot-starter-tomcat\4.0.1\spring-boot-starter-tomcat-4.0.1.jar;C:\Users\hvs16\.m2\repository\org\springframework\boot\spring-boot-starter-tomcat-runtime\4.0.1\spring-boot-starter-tomcat-runtime-4.0.1.jar;C:\Users\hvs16\.m2\repository\org\apache\tomcat\embed\tomcat-embed-core\11.0.15\tomcat-embed-core-11.0.15.jar;C:\Users\hvs16\.m2\repository\org\apache\tomcat\embed\tomcat-embed-el\11.0.15\tomcat-embed-el-11.0.15.jar;C:\Users\hvs16\.m2\repository\org\apache\tomcat\embed\tomcat-embed-websocket\11.0.15\tomcat-embed-websocket-11.0.15.jar;C:\Users\hvs16\.m2\repository\org\springframework\boot\spring-boot-tomcat\4.0.1\spring-boot-tomcat-4.0.1.jar;C:\Users\hvs16\.m2\repository\org\springframework\boot\spring-boot-http-converter\4.0.1\spring-boot-http-converter-4.0.1.jar;C:\Users\hvs16\.m2\repository\org\springframework\boot\spring-boot\4.0.1\spring-boot-4.0.1.jar;C:\Users\hvs16\.m2\repository\org\springframework\spring-context\7.0.2\spring-context-7.0.2.jar;C:\Users\hvs16\.m2\repository\org\springframework\spring-web\7.0.2\spring-web-7.0.2.jar;C:\Users\hvs16\.m2\repository\org\springframework\spring-beans\7.0.2\spring-beans-7.0.2.jar;C:\Users\hvs16\.m2\repository\io\micrometer\micrometer-observation\1.16.1\micrometer-observation-1.16.1.jar;C:\Users\hvs16\.m2\repository\io\micrometer\micrometer-commons\1.16.1\micrometer-commons-1.16.1.jar;C:\Users\hvs16\.m2\repository\org\springframework\boot\spring-boot-webmvc\4.0.1\spring-boot-webmvc-4.0.1.jar;C:\Users\hvs16\.m2\repository\org\springframework\boot\spring-boot-servlet\4.0.1\spring-boot-servlet-4.0.1.jar;C:\Users\hvs16\.m2\repository\org\springframework\spring-webmvc\7.0.2\spring-webmvc-7.0.2.jar;C:\Users\hvs16\.m2\repository\org\springframework\spring-aop\7.0.2\spring-aop-7.0.2.jar;C:\Users\hvs16\.m2\repository\org\springframework\spring-expression\7.0.2\spring-expression-7.0.2.jar;C:\Users\hvs16\.m2\repository\org\springframework\boot\spring-boot-starter-data-jpa\4.0.1\spring-boot-starter-data-jpa-4.0.1.jar;C:\Users\hvs16\.m2\repository\org\springframework\boot\spring-boot-starter-jdbc\4.0.1\spring-boot-starter-jdbc-4.0.1.jar;C:\Users\hvs16\.m2\repository\com\zaxxer\HikariCP\7.0.2\HikariCP-7.0.2.jar;C:\Users\hvs16\.m2\repository\org\slf4j\slf4j-api\2.0.17\slf4j-api-2.0.17.jar;C:\Users\hvs16\.m2\repository\org\springframework\boot\spring-boot-data-jpa\4.0.1\spring-boot-data-jpa-4.0.1.jar;C:\Users\hvs16\.m2\repository\org\springframework\boot\spring-boot-data-commons\4.0.1\spring-boot-data-commons-4.0.1.jar;C:\Users\hvs16\.m2\repository\org\springframework\boot\spring-boot-persistence\4.0.1\spring-boot-persistence-4.0.1.jar;C:\Users\hvs16\.m2\repository\org\springframework\data\spring-data-commons\4.0.1\spring-data-commons-4.0.1.jar;C:\Users\hvs16\.m2\repository\org\springframework\boot\spring-boot-hibernate\4.0.1\spring-boot-hibernate-4.0.1.jar;C:\Users\hvs16\.m2\repository\org\springframework\boot\spring-boot-jpa\4.0.1\spring-boot-jpa-4.0.1.jar;C:\Users\hvs16\.m2\repository\jakarta\persistence\jakarta.persistence-api\3.2.0\jakarta.persistence-api-3.2.0.jar;C:\Users\hvs16\.m2\repository\org\hibernate\orm\hibernate-core\7.2.0.Final\hibernate-core-7.2.0.Final.jar;C:\Users\hvs16\.m2\repository\jakarta\transaction\jakarta.transaction-api\2.0.1\jakarta.transaction-api-2.0.1.jar;C:\Users\hvs16\.m2\repository\org\jboss\logging\jboss-logging\3.6.1.Final\jboss-logging-3.6.1.Final.jar;C:\Users\hvs16\.m2\repository\org\hibernate\models\hibernate-models\1.0.1\hibernate-models-1.0.1.jar;C:\Users\hvs16\.m2\repository\com\fasterxml\classmate\1.7.1\classmate-1.7.1.jar;C:\Users\hvs16\.m2\repository\org\glassfish\jaxb\jaxb-runtime\4.0.6\jaxb-runtime-4.0.6.jar;C:\Users\hvs16\.m2\repository\org\glassfish\jaxb\jaxb-core\4.0.6\jaxb-core-4.0.6.jar;C:\Users\hvs16\.m2\repository\org\eclipse\angus\angus-activation\2.0.3\angus-activation-2.0.3.jar;C:\Users\hvs16\.m2\repository\org\glassfish\jaxb\txw2\4.0.6\txw2-4.0.6.jar;C:\Users\hvs16\.m2\repository\com\sun\istack\istack-commons-runtime\4.1.2\istack-commons-runtime-4.1.2.jar;C:\Users\hvs16\.m2\repository\jakarta\inject\jakarta.inject-api\2.0.1\jakarta.inject-api-2.0.1.jar;C:\Users\hvs16\.m2\repository\org\springframework\spring-orm\7.0.2\spring-orm-7.0.2.jar;C:\Users\hvs16\.m2\repository\org\springframework\data\spring-data-jpa\4.0.1\spring-data-jpa-4.0.1.jar;C:\Users\hvs16\.m2\repository\org\springframework\spring-tx\7.0.2\spring-tx-7.0.2.jar;C:\Users\hvs16\.m2\repository\org\antlr\antlr4-runtime\4.13.2\antlr4-runtime-4.13.2.jar;C:\Users\hvs16\.m2\repository\org\springframework\spring-aspects\7.0.2\spring-aspects-7.0.2.jar;C:\Users\hvs16\.m2\repository\org\aspectj\aspectjweaver\1.9.25.1\aspectjweaver-1.9.25.1.jar;C:\Users\hvs16\.m2\repository\org\springframework\boot\spring-boot-jdbc\4.0.1\spring-boot-jdbc-4.0.1.jar;C:\Users\hvs16\.m2\repository\org\springframework\boot\spring-boot-sql\4.0.1\spring-boot-sql-4.0.1.jar;C:\Users\hvs16\.m2\repository\org\springframework\boot\spring-boot-transaction\4.0.1\spring-boot-transaction-4.0.1.jar;C:\Users\hvs16\.m2\repository\org\springframework\spring-jdbc\7.0.2\spring-jdbc-7.0.2.jar;C:\Users\hvs16\.m2\repository\jakarta\xml\bind\jakarta.xml.bind-api\4.0.4\jakarta.xml.bind-api-4.0.4.jar;C:\Users\hvs16\.m2\repository\jakarta\activation\jakarta.activation-api\2.1.4\jakarta.activation-api-2.1.4.jar;C:\Users\hvs16\.m2\repository\net\bytebuddy\byte-buddy\1.17.8\byte-buddy-1.17.8.jar;C:\Users\hvs16\.m2\repository\org\springframework\spring-core\7.0.2\spring-core-7.0.2.jar;C:\Users\hvs16\.m2\repository\commons-logging\commons-logging\1.3.5\commons-logging-1.3.5.jar;C:\Users\hvs16\.m2\repository\org\jspecify\jspecify\1.0.0\jspecify-1.0.0.jar;C:\Users\hvs16\.m2\repository\com\mysql\mysql-connector-j\9.5.0\mysql-connector-j-9.5.0.jar;C:\Users\hvs16\.m2\repository\org\projectlombok\lombok\1.18.42\lombok-1.18.42.jar;C:\Users\hvs16\.m2\repository\org\springframework\boot\spring-boot-web-server\4.0.1\spring-boot-web-server-4.0.1.jar
Launcher Type: SUN_STANDARD

[Global flags]
     intx CICompilerCount                          = 4                                         {product} {ergonomic}
     uint ConcGCThreads                            = 2                                         {product} {ergonomic}
     uint G1ConcRefinementThreads                  = 8                                         {product} {ergonomic}
   size_t G1HeapRegionSize                         = 1048576                                   {product} {ergonomic}
   size_t InitialHeapSize                          = 130023424                                 {product} {ergonomic}
   size_t MarkStackSize                            = 4194304                                   {product} {ergonomic}
   size_t MarkStackSizeMax                         = 536870912                                 {product} {ergonomic}
   size_t MaxHeapSize                              = 2067791872                                {product} {ergonomic}
   size_t MaxNewSize                               = 1240465408                                {product} {ergonomic}
   size_t MinHeapDeltaBytes                        = 1048576                                   {product} {ergonomic}
   size_t MinHeapSize                              = 8388608                                   {product} {ergonomic}
    uintx NonNMethodCodeHeapSize                   = 5832704                                {pd product} {ergonomic}
    uintx NonProfiledCodeHeapSize                  = 122945536                              {pd product} {ergonomic}
    uintx ProfiledCodeHeapSize                     = 122880000                              {pd product} {ergonomic}
    uintx ReservedCodeCacheSize                    = 251658240                              {pd product} {ergonomic}
     bool SegmentedCodeCache                       = true                                      {product} {ergonomic}
   size_t SoftMaxHeapSize                          = 2067791872                             {manageable} {ergonomic}
     bool UseCompressedOops                        = true                           {product lp64_product} {ergonomic}
     bool UseG1GC                                  = true                                      {product} {ergonomic}
     bool UseLargePagesIndividualAllocation        = false                                  {pd product} {ergonomic}

Logging:
Log output configuration:
 #0: stdout all=warning uptime,level,tags foldmultilines=false
 #1: stderr all=off uptime,level,tags foldmultilines=false

Release file:
IMPLEMENTOR="Oracle Corporation" 
JAVA_RUNTIME_VERSION="25+37-LTS-3491" 
JAVA_VERSION="25" 
JAVA_VERSION_DATE="2025-09-16" 
LIBC="default" 
MODULES="java.base java.compiler java.datatransfer java.xml java.prefs java.desktop java.instrument java.logging java.management java.security.sasl java.naming java.rmi java.management.rmi java.net.http java.scripting java.security.jgss java.transaction.xa java.sql java.sql.rowset java.xml.crypto java.se java.smartcardio jdk.accessibility jdk.internal.jvmstat jdk.attach jdk.charsets jdk.internal.opt jdk.zipfs jdk.compiler jdk.crypto.cryptoki jdk.crypto.ec jdk.crypto.mscapi jdk.dynalink jdk.internal.ed jdk.editpad jdk.internal.vm.ci jdk.graal.compiler jdk.graal.compiler.management jdk.hotspot.agent jdk.httpserver jdk.incubator.vector jdk.internal.le jdk.internal.md jdk.jartool jdk.javadoc jdk.jcmd jdk.management jdk.management.agent jdk.jconsole jdk.jdeps jdk.jdwp.agent jdk.jdi jdk.jfr jdk.jlink jdk.jpackage jdk.jshell jdk.jsobject jdk.jstatd jdk.localedata jdk.management.jfr jdk.naming.dns jdk.naming.rmi jdk.net jdk.nio.mapmode jdk.sctp jdk.security.auth jdk.security.jgss jdk.unsupported jdk.unsupported.desktop jdk.xml.dom" 
OS_ARCH="x86_64" 
OS_NAME="Windows" 
SOURCE=".:git:49d6a23b8806 open:git:6c48f4ed707b" 

Environment Variables:
PATH=C:\Program Files\Common Files\Oracle\Java\javapath;C:\Program Files (x86)\Common Files\Oracle\Java\java8path;C:\Program Files (x86)\Common Files\Oracle\Java\javapath;C:\Program Files (x86)\Zulu\zulu-8\bin\;C:\WINDOWS\system32;C:\WINDOWS;C:\WINDOWS\System32\Wbem;C:\WINDOWS\System32\WindowsPowerShell\v1.0\;C:\WINDOWS\System32\OpenSSH\;C:\Program Files (x86)\NVIDIA Corporation\PhysX\Common;C:\MinGW\bin;C:\Program Files\Java\jdk-21;C:\Program Files\Git\cmd;C:\Program Files\Git\mingw64\bin;C:\Program Files\Git\usr\bin;C:\Program Files\nodejs\;C:\WINDOWS\system32;C:\WINDOWS;C:\WINDOWS\System32\Wbem;C:\WINDOWS\System32\WindowsPowerShell\v1.0\;C:\WINDOWS\System32\OpenSSH\;C:\Program Files\dotnet\;C:\Program Files\apache-maven-3.9.11-bin\apache-maven-3.9.11-bin\apache-maven-3.9.11\bin;C:\Program Files\Java\jdk-25\bin;C:\Program Files\Java\jdk-25\bin;C:\Users\hvs16\AppData\Local\Microsoft\WindowsApps;C:\Users\hvs16\AppData\Local\Programs\Microsoft VS Code\bin;C:\MinGW\bin;C:\jdk-21\bin;C:\Users\hvs16\AppData\Roaming\npm;C:\Users\hvs16\AppData\Local\GitHubDesktop\bin;C:\Program Files\Apache\Maven\apache-maven-3.x.x\bin;C:\Users\hvs16\AppData\Local\Python\bin;C:\Users\hvs16\AppData\Local\Microsoft\WinGet\Packages\DenoLand.Deno_Microsoft.Winget.Source_8wekyb3d8bbwe;C:\Users\hvs16\AppData\Local\Microsoft\WinGet\Packages\yt-dlp.FFmpeg_Microsoft.Winget.Source_8wekyb3d8bbwe\ffmpeg-N-121938-g2456a39581-win64-gpl/bin;C:\Users\hvs16\AppData\Local\Microsoft\WinGet\Packages\yt-dlp.yt-dlp_Microsoft.Winget.Source_8wekyb3d8bbwe;
USERNAME=HARSHVARDHAN
OS=Windows_NT
PROCESSOR_IDENTIFIER=Intel64 Family 6 Model 140 Stepping 1, GenuineIntel
TMP=C:\Users\hvs16\AppData\Local\Temp
TEMP=C:\Users\hvs16\AppData\Local\Temp




Compilation memory statistics disabled.

Periodic native trim disabled

---------------  S Y S T E M  ---------------

OS:
 Windows 11 , 64 bit Build 26100 (10.0.26100.7309)
OS uptime: 1 days 4:35 hours
Hyper-V role detected

CPU: total 8 (initial active 8) (4 cores per cpu, 2 threads per core) family 6 model 140 stepping 1 microcode 0xb6, cx8, cmov, fxsr, ht, mmx, 3dnowpref, sse, sse2, sse3, ssse3, sse4.1, sse4.2, popcnt, lzcnt, tsc, tscinvbit, avx, avx2, aes, erms, clmul, bmi1, bmi2, adx, avx512f, avx512dq, avx512cd, avx512bw, avx512vl, sha, fma, vzeroupper, avx512_vpopcntdq, avx512_vpclmulqdq, avx512_vaes, avx512_vnni, clflush, clflushopt, clwb, avx512_vbmi2, avx512_vbmi, hv, rdtscp, rdpid, fsrm, gfni, avx512_bitalg, f16c, cet_ibt, cet_ss, avx512_ifma
Processor Information for the first 8 processors :
  Max Mhz: 2419, Current Mhz: 2419, Mhz Limit: 2419

Memory: 4k page, system-wide physical 7886M (630M free)
TotalPageFile size 32462M (AvailPageFile size 6M)
current process WorkingSet (physical memory assigned to process): 75M, peak: 274M
current process commit charge ("private bytes"): 290M, peak: 319M

vm_info: Java HotSpot(TM) 64-Bit Server VM (25+37-LTS-3491) for windows-amd64 JRE (25+37-LTS-3491), built on 2025-08-14T21:13:00Z with unknown MS VC++:1943

END.
