#
# There is insufficient memory for the Java Runtime Environment to continue.
# Native memory allocation (malloc) failed to allocate 2206488 bytes. Error detail: Chunk::new
# Possible reasons:
#   The system is out of physical RAM or swap space
#   This process is running with CompressedOops enabled, and the Java Heap may be blocking the growth of the native heap
# Possible solutions:
#   Reduce memory load on the system
#   Increase physical memory or swap space
#   Check if swap backing store is full
#   Decrease Java heap size (-Xmx/-Xms)
#   Decrease number of Java threads
#   Decrease Java thread stack sizes (-Xss)
#   Set larger code cache with -XX:ReservedCodeCacheSize=
#   JVM is running with Unscaled Compressed Oops mode in which the Java heap is
#     placed in the first 4GB address space. The Java Heap base address is the
#     maximum limit for the native heap growth. Please use -XX:HeapBaseMinAddress
#     to set the Java Heap base and to place the Java Heap above 4GB virtual address.
# This output file may be truncated or incomplete.
#
#  Out of Memory Error (arena.cpp:186), pid=2296, tid=19820
#
# JRE version: Java(TM) SE Runtime Environment (25.0+37) (build 25+37-LTS-3491)
# Java VM: Java HotSpot(TM) 64-Bit Server VM (25+37-LTS-3491, mixed mode, sharing, tiered, compressed oops, compressed class ptrs, g1 gc, windows-amd64)
# No core dump will be written. Minidumps are not enabled by default on client versions of Windows
#

---------------  S U M M A R Y ------------

Command Line: -javaagent:C:\Program Files\JetBrains\IntelliJ IDEA Community Edition 2024.3.2.2\lib\idea_rt.jar=49726 -Dfile.encoding=UTF-8 -Dsun.stdout.encoding=UTF-8 -Dsun.stderr.encoding=UTF-8 com.fit.FitlyFy.FitlyFyApplication

Host: 11th Gen Intel(R) Core(TM) i5-1135G7 @ 2.40GHz, 8 cores, 7G,  Windows 11 , 64 bit Build 26100 (10.0.26100.7309)
Time: Mon Dec 22 20:57:22 2025 India Standard Time elapsed time: 7628.945257 seconds (0d 2h 7m 8s)

---------------  T H R E A D  ---------------

Current thread (0x000002e3341fd640):  JavaThread "C2 CompilerThread0" daemon [_thread_in_native, id=19820, stack(0x000000f808800000,0x000000f808900000) (1024K)]


Current CompileTask:
C2:7628945 7795 %     4       java.math.BigInteger::montReduce @ 9 (99 bytes)

Stack: [0x000000f808800000,0x000000f808900000]
Native frames: (J=compiled Java code, j=interpreted, Vv=VM code, C=native code)
V  [jvm.dll+0x7a6a39]  (no source info available)
V  [jvm.dll+0x7727ed]  (no source info available)
V  [jvm.dll+0x965f33]  (no source info available)
V  [jvm.dll+0x968531]  (no source info available)
V  [jvm.dll+0x968c33]  (no source info available)
V  [jvm.dll+0x2fc756]  (no source info available)
V  [jvm.dll+0x111b26]  (no source info available)
V  [jvm.dll+0x111e4e]  (no source info available)
V  [jvm.dll+0x1a0a22]  (no source info available)
V  [jvm.dll+0x3b53c2]  (no source info available)
V  [jvm.dll+0x7ac3cf]  (no source info available)
V  [jvm.dll+0x2c0ac7]  (no source info available)
V  [jvm.dll+0x2bfa8f]  (no source info available)
V  [jvm.dll+0x237b60]  (no source info available)
V  [jvm.dll+0x2cfb56]  (no source info available)
V  [jvm.dll+0x2cddd5]  (no source info available)
V  [jvm.dll+0x48e671]  (no source info available)
V  [jvm.dll+0x90681d]  (no source info available)
V  [jvm.dll+0x7a5015]  (no source info available)
C  [ucrtbase.dll+0x37b0]  (no source info available)
C  [KERNEL32.DLL+0x2e8d7]  (no source info available)
C  [ntdll.dll+0x8c53c]  (no source info available)

Lock stack of current Java thread (top to bottom):


---------------  P R O C E S S  ---------------

Threads class SMR info:
_java_thread_list=0x000002e33bfb5c40, length=30, elements={
0x000002e3341f5df0, 0x000002e3341f69b0, 0x000002e3341f8a90, 0x000002e3341f99e0,
0x000002e3341fa8f0, 0x000002e3341fc620, 0x000002e3341fd640, 0x000002e334232b90,
0x000002e3343ff410, 0x000002e334842c80, 0x000002e334843440, 0x000002e33bb97ee0,
0x000002e33bb986a0, 0x000002e33c070b30, 0x000002e33960e0e0, 0x000002e334203cb0,
0x000002e33c023e90, 0x000002e33c022720, 0x000002e33c022ef0, 0x000002e33c0236c0,
0x000002e33c024660, 0x000002e33c025dd0, 0x000002e33c024e30, 0x000002e33c0265a0,
0x000002e339612730, 0x000002e33912cf80, 0x000002e339132570, 0x000002e339130630,
0x000002e3391315d0, 0x000002e33ac5c970
}

Java Threads: ( => current thread )
  0x000002e3341f5df0 JavaThread "Reference Handler"          daemon [_thread_blocked, id=23816, stack(0x000000f808200000,0x000000f808300000) (1024K)]
  0x000002e3341f69b0 JavaThread "Finalizer"                  daemon [_thread_blocked, id=10120, stack(0x000000f808300000,0x000000f808400000) (1024K)]
  0x000002e3341f8a90 JavaThread "Signal Dispatcher"          daemon [_thread_blocked, id=6844, stack(0x000000f808400000,0x000000f808500000) (1024K)]
  0x000002e3341f99e0 JavaThread "Attach Listener"            daemon [_thread_blocked, id=15496, stack(0x000000f808500000,0x000000f808600000) (1024K)]
  0x000002e3341fa8f0 JavaThread "Service Thread"             daemon [_thread_blocked, id=8072, stack(0x000000f808600000,0x000000f808700000) (1024K)]
  0x000002e3341fc620 JavaThread "Monitor Deflation Thread"   daemon [_thread_blocked, id=16632, stack(0x000000f808700000,0x000000f808800000) (1024K)]
=>0x000002e3341fd640 JavaThread "C2 CompilerThread0"         daemon [_thread_in_native, id=19820, stack(0x000000f808800000,0x000000f808900000) (1024K)]
  0x000002e334232b90 JavaThread "C1 CompilerThread0"         daemon [_thread_blocked, id=17504, stack(0x000000f808900000,0x000000f808a00000) (1024K)]
  0x000002e3343ff410 JavaThread "Common-Cleaner"             daemon [_thread_blocked, id=22848, stack(0x000000f808a00000,0x000000f808b00000) (1024K)]
  0x000002e334842c80 JavaThread "Monitor Ctrl-Break"         daemon [_thread_in_native, id=1120, stack(0x000000f808c00000,0x000000f808d00000) (1024K)]
  0x000002e334843440 JavaThread "Notification Thread"        daemon [_thread_blocked, id=22124, stack(0x000000f808d00000,0x000000f808e00000) (1024K)]
  0x000002e33bb97ee0 JavaThread "Catalina-utility-1"                [_thread_blocked, id=13956, stack(0x000000f809700000,0x000000f809800000) (1024K)]
  0x000002e33bb986a0 JavaThread "Catalina-utility-2"                [_thread_blocked, id=23892, stack(0x000000f809800000,0x000000f809900000) (1024K)]
  0x000002e33c070b30 JavaThread "container-0"                       [_thread_blocked, id=3324, stack(0x000000f809900000,0x000000f809a00000) (1024K)]
  0x000002e33960e0e0 JavaThread "mysql-cj-abandoned-connection-cleanup" daemon [_thread_blocked, id=7840, stack(0x000000f809a00000,0x000000f809b00000) (1024K)]
  0x000002e334203cb0 JavaThread "HikariPool-1:housekeeper"   daemon [_thread_blocked, id=14136, stack(0x000000f809b00000,0x000000f809c00000) (1024K)]
  0x000002e33c023e90 JavaThread "http-nio-8080-exec-1"       daemon [_thread_blocked, id=24752, stack(0x000000f809d00000,0x000000f809e00000) (1024K)]
  0x000002e33c022720 JavaThread "http-nio-8080-exec-2"       daemon [_thread_blocked, id=22724, stack(0x000000f809e00000,0x000000f809f00000) (1024K)]
  0x000002e33c022ef0 JavaThread "http-nio-8080-exec-3"       daemon [_thread_blocked, id=8656, stack(0x000000f809f00000,0x000000f80a000000) (1024K)]
  0x000002e33c0236c0 JavaThread "http-nio-8080-exec-4"       daemon [_thread_blocked, id=2312, stack(0x000000f80a000000,0x000000f80a100000) (1024K)]
  0x000002e33c024660 JavaThread "http-nio-8080-exec-5"       daemon [_thread_blocked, id=23464, stack(0x000000f80a100000,0x000000f80a200000) (1024K)]
  0x000002e33c025dd0 JavaThread "http-nio-8080-exec-6"       daemon [_thread_blocked, id=24108, stack(0x000000f80a200000,0x000000f80a300000) (1024K)]
  0x000002e33c024e30 JavaThread "http-nio-8080-exec-7"       daemon [_thread_blocked, id=7648, stack(0x000000f80a300000,0x000000f80a400000) (1024K)]
  0x000002e33c0265a0 JavaThread "http-nio-8080-exec-8"       daemon [_thread_blocked, id=16636, stack(0x000000f80a400000,0x000000f80a500000) (1024K)]
  0x000002e339612730 JavaThread "http-nio-8080-exec-9"       daemon [_thread_blocked, id=7948, stack(0x000000f80a500000,0x000000f80a600000) (1024K)]
  0x000002e33912cf80 JavaThread "http-nio-8080-exec-10"      daemon [_thread_blocked, id=21696, stack(0x000000f80a600000,0x000000f80a700000) (1024K)]
  0x000002e339132570 JavaThread "http-nio-8080-Poller"       daemon [_thread_in_native, id=14876, stack(0x000000f80a700000,0x000000f80a800000) (1024K)]
  0x000002e339130630 JavaThread "http-nio-8080-Acceptor"     daemon [_thread_in_native, id=20464, stack(0x000000f80a800000,0x000000f80a900000) (1024K)]
  0x000002e3391315d0 JavaThread "DestroyJavaVM"                     [_thread_blocked, id=22736, stack(0x000000f807a00000,0x000000f807b00000) (1024K)]
  0x000002e33ac5c970 JavaThread "HikariPool-1:connection-adder" daemon [_thread_blocked, id=24536, stack(0x000000f807800000,0x000000f807900000) (1024K)]
Total: 30

Other Threads:
  0x000002e3341e0df0 VMThread "VM Thread"                           [id=19556, stack(0x000000f808100000,0x000000f808200000) (1024K)]
  0x000002e3341d2130 WatcherThread "VM Periodic Task Thread"        [id=14456, stack(0x000000f808000000,0x000000f808100000) (1024K)]
  0x000002e317515ca0 WorkerThread "GC Thread#0"                     [id=25888, stack(0x000000f807b00000,0x000000f807c00000) (1024K)]
  0x000002e3395a3c40 WorkerThread "GC Thread#1"                     [id=20848, stack(0x000000f808f00000,0x000000f809000000) (1024K)]
  0x000002e3395a4090 WorkerThread "GC Thread#2"                     [id=11952, stack(0x000000f809000000,0x000000f809100000) (1024K)]
  0x000002e3395a2260 WorkerThread "GC Thread#3"                     [id=20096, stack(0x000000f809100000,0x000000f809200000) (1024K)]
  0x000002e3395a44e0 WorkerThread "GC Thread#4"                     [id=21340, stack(0x000000f809200000,0x000000f809300000) (1024K)]
  0x000002e3395a19c0 WorkerThread "GC Thread#5"                     [id=26392, stack(0x000000f809300000,0x000000f809400000) (1024K)]
  0x000002e3395a1e10 WorkerThread "GC Thread#6"                     [id=25328, stack(0x000000f809400000,0x000000f809500000) (1024K)]
  0x000002e339db0680 WorkerThread "GC Thread#7"                     [id=5720, stack(0x000000f808e00000,0x000000f808f00000) (1024K)]
  0x000002e31752c090 ConcurrentGCThread "G1 Main Marker"            [id=10204, stack(0x000000f807c00000,0x000000f807d00000) (1024K)]
  0x000002e31752ca30 WorkerThread "G1 Conc#0"                       [id=26372, stack(0x000000f807d00000,0x000000f807e00000) (1024K)]
  0x000002e339daeca0 WorkerThread "G1 Conc#1"                       [id=26520, stack(0x000000f809500000,0x000000f809600000) (1024K)]
  0x000002e31756e9c0 ConcurrentGCThread "G1 Refine#0"               [id=9140, stack(0x000000f807e00000,0x000000f807f00000) (1024K)]
  0x000002e33409f520 ConcurrentGCThread "G1 Service"                [id=5360, stack(0x000000f807f00000,0x000000f808000000) (1024K)]
Total: 15

Threads with active compile tasks:
C2 CompilerThread0  7629191 7795 %     4       java.math.BigInteger::montReduce @ 9 (99 bytes)
Total: 1

VM state: not at safepoint (normal execution)

VM Mutex/Monitor currently owned by a thread: None

Heap address: 0x0000000084c00000, size: 1972 MB, Compressed Oops mode: 32-bit

CDS archive(s) mapped at: [0x0000000013000000-0x0000000013dd0000-0x0000000013dd0000), size 14483456, SharedBaseAddress: 0x0000000013000000, ArchiveRelocationMode: 1.
Compressed class space mapped at: 0x0000000014000000-0x0000000054000000, reserved size: 1073741824
UseCompressedClassPointers 1, UseCompactObjectHeaders 0
Narrow klass pointer bits 32, Max shift 3
Narrow klass base: 0x0000000013000000, Narrow klass shift: 0
Encoding Range: [0x0000000013000000 - 0x0000000113000000), (4294967296 bytes)
Klass Range:    [0x0000000013010000 - 0x0000000054000000), (1090453504 bytes)
Klass ID Range:  [65536 - 1090519033) (1090453497)
Protection zone: [0x0000000013000000 - 0x0000000013010000), (65536 bytes)

GC Precious Log:
 CardTable entry size: 512
 Card Set container configuration: InlinePtr #cards 5 size 8 Array Of Cards #cards 10 size 36 Howl #buckets 4 coarsen threshold 1843 Howl Bitmap #cards 512 size 80 coarsen threshold 460 Card regions per heap region 1 cards per card region 2048
 CPUs: 8 total, 8 available
 Memory: 7886M
 Large Page Support: Disabled
 NUMA Support: Disabled
 Compressed Oops: Enabled (32-bit)
 Heap Region Size: 1M
 Heap Min Capacity: 8M
 Heap Initial Capacity: 124M
 Heap Max Capacity: 1972M
 Pre-touch: Disabled
 Parallel Workers: 8
 Concurrent Workers: 2
 Concurrent Refinement Workers: 8
 Periodic GC: Disabled

Heap:
 garbage-first heap   total reserved 2019328K, committed 71680K, used 38664K [0x0000000084c00000, 0x0000000100000000)
  region size 1024K, 12 young (12288K), 5 survivors (5120K)

Heap Regions: E=young(eden), S=young(survivor), O=old, HS=humongous(starts), HC=humongous(continues), CS=collection set, F=free, TAMS=top-at-mark-start, PB=parsable bottom
|   0|0x0000000084c00000, 0x0000000084d00000, 0x0000000084d00000|100%|HS|  |TAMS 0x0000000084c00000| PB 0x0000000084c00000| Complete |  0
|   1|0x0000000084d00000, 0x0000000084e00000, 0x0000000084e00000|100%|HS|  |TAMS 0x0000000084d00000| PB 0x0000000084d00000| Complete |  0
|   2|0x0000000084e00000, 0x0000000084f00000, 0x0000000084f00000|100%| O|  |TAMS 0x0000000084e00000| PB 0x0000000084e00000| Untracked |  0
|   3|0x0000000084f00000, 0x0000000085000000, 0x0000000085000000|100%| O|  |TAMS 0x0000000084f00000| PB 0x0000000084f00000| Untracked |  0
|   4|0x0000000085000000, 0x0000000085100000, 0x0000000085100000|100%| O|  |TAMS 0x0000000085000000| PB 0x0000000085000000| Untracked |  0
|   5|0x0000000085100000, 0x0000000085200000, 0x0000000085200000|100%| O|  |TAMS 0x0000000085100000| PB 0x0000000085100000| Untracked |  0
|   6|0x0000000085200000, 0x0000000085300000, 0x0000000085300000|100%| O|  |TAMS 0x0000000085200000| PB 0x0000000085200000| Untracked |  0
|   7|0x0000000085300000, 0x0000000085400000, 0x0000000085400000|100%| O|  |TAMS 0x0000000085300000| PB 0x0000000085300000| Untracked |  0
|   8|0x0000000085400000, 0x0000000085500000, 0x0000000085500000|100%| O|  |TAMS 0x0000000085400000| PB 0x0000000085400000| Untracked |  0
|   9|0x0000000085500000, 0x0000000085600000, 0x0000000085600000|100%| O|  |TAMS 0x0000000085500000| PB 0x0000000085500000| Untracked |  0
|  10|0x0000000085600000, 0x0000000085700000, 0x0000000085700000|100%| O|  |TAMS 0x0000000085600000| PB 0x0000000085600000| Untracked |  0
|  11|0x0000000085700000, 0x0000000085800000, 0x0000000085800000|100%| O|  |TAMS 0x0000000085700000| PB 0x0000000085700000| Untracked |  0
|  12|0x0000000085800000, 0x0000000085900000, 0x0000000085900000|100%| O|  |TAMS 0x0000000085800000| PB 0x0000000085800000| Untracked |  0
|  13|0x0000000085900000, 0x0000000085a00000, 0x0000000085a00000|100%| O|  |TAMS 0x0000000085900000| PB 0x0000000085900000| Untracked |  0
|  14|0x0000000085a00000, 0x0000000085b00000, 0x0000000085b00000|100%| O|  |TAMS 0x0000000085a00000| PB 0x0000000085a00000| Untracked |  0
|  15|0x0000000085b00000, 0x0000000085c00000, 0x0000000085c00000|100%| O|  |TAMS 0x0000000085b00000| PB 0x0000000085b00000| Untracked |  0
|  16|0x0000000085c00000, 0x0000000085d00000, 0x0000000085d00000|100%| O|  |TAMS 0x0000000085c00000| PB 0x0000000085c00000| Untracked |  0
|  17|0x0000000085d00000, 0x0000000085e00000, 0x0000000085e00000|100%| O|  |TAMS 0x0000000085d00000| PB 0x0000000085d00000| Untracked |  0
|  18|0x0000000085e00000, 0x0000000085f00000, 0x0000000085f00000|100%| O|  |TAMS 0x0000000085e00000| PB 0x0000000085e00000| Untracked |  0
|  19|0x0000000085f00000, 0x0000000086000000, 0x0000000086000000|100%| O|  |TAMS 0x0000000085f00000| PB 0x0000000085f00000| Untracked |  0
|  20|0x0000000086000000, 0x00000000860ddbe8, 0x0000000086100000| 86%| O|  |TAMS 0x0000000086000000| PB 0x0000000086000000| Untracked |  0
|  21|0x0000000086100000, 0x0000000086100000, 0x0000000086200000|  0%| F|  |TAMS 0x0000000086100000| PB 0x0000000086100000| Untracked |  0
|  22|0x0000000086200000, 0x0000000086200000, 0x0000000086300000|  0%| F|  |TAMS 0x0000000086200000| PB 0x0000000086200000| Untracked |  0
|  23|0x0000000086300000, 0x00000000863e4480, 0x0000000086400000| 89%| S|CS|TAMS 0x0000000086300000| PB 0x0000000086300000| Complete |  0
|  24|0x0000000086400000, 0x0000000086400000, 0x0000000086500000|  0%| F|  |TAMS 0x0000000086400000| PB 0x0000000086400000| Untracked |  0
|  25|0x0000000086500000, 0x0000000086500000, 0x0000000086600000|  0%| F|  |TAMS 0x0000000086500000| PB 0x0000000086500000| Untracked |  0
|  26|0x0000000086600000, 0x0000000086600000, 0x0000000086700000|  0%| F|  |TAMS 0x0000000086600000| PB 0x0000000086600000| Untracked |  0
|  27|0x0000000086700000, 0x0000000086700000, 0x0000000086800000|  0%| F|  |TAMS 0x0000000086700000| PB 0x0000000086700000| Untracked |  0
|  28|0x0000000086800000, 0x0000000086800000, 0x0000000086900000|  0%| F|  |TAMS 0x0000000086800000| PB 0x0000000086800000| Untracked |  0
|  29|0x0000000086900000, 0x0000000086a00000, 0x0000000086a00000|100%| S|CS|TAMS 0x0000000086900000| PB 0x0000000086900000| Complete |  0
|  30|0x0000000086a00000, 0x0000000086b00000, 0x0000000086b00000|100%| S|CS|TAMS 0x0000000086a00000| PB 0x0000000086a00000| Complete |  0
|  31|0x0000000086b00000, 0x0000000086c00000, 0x0000000086c00000|100%| S|CS|TAMS 0x0000000086b00000| PB 0x0000000086b00000| Complete |  0
|  32|0x0000000086c00000, 0x0000000086d00000, 0x0000000086d00000|100%| S|CS|TAMS 0x0000000086c00000| PB 0x0000000086c00000| Complete |  0
|  33|0x0000000086d00000, 0x0000000086d00000, 0x0000000086e00000|  0%| F|  |TAMS 0x0000000086d00000| PB 0x0000000086d00000| Untracked |  0
|  34|0x0000000086e00000, 0x0000000086e00000, 0x0000000086f00000|  0%| F|  |TAMS 0x0000000086e00000| PB 0x0000000086e00000| Untracked |  0
|  35|0x0000000086f00000, 0x0000000086f00000, 0x0000000087000000|  0%| F|  |TAMS 0x0000000086f00000| PB 0x0000000086f00000| Untracked |  0
|  36|0x0000000087000000, 0x0000000087000000, 0x0000000087100000|  0%| F|  |TAMS 0x0000000087000000| PB 0x0000000087000000| Untracked |  0
|  37|0x0000000087100000, 0x0000000087100000, 0x0000000087200000|  0%| F|  |TAMS 0x0000000087100000| PB 0x0000000087100000| Untracked |  0
|  38|0x0000000087200000, 0x0000000087200000, 0x0000000087300000|  0%| F|  |TAMS 0x0000000087200000| PB 0x0000000087200000| Untracked |  0
|  39|0x0000000087300000, 0x0000000087300000, 0x0000000087400000|  0%| F|  |TAMS 0x0000000087300000| PB 0x0000000087300000| Untracked |  0
|  40|0x0000000087400000, 0x0000000087400000, 0x0000000087500000|  0%| F|  |TAMS 0x0000000087400000| PB 0x0000000087400000| Untracked |  0
|  41|0x0000000087500000, 0x0000000087500000, 0x0000000087600000|  0%| F|  |TAMS 0x0000000087500000| PB 0x0000000087500000| Untracked |  0
|  42|0x0000000087600000, 0x0000000087600000, 0x0000000087700000|  0%| F|  |TAMS 0x0000000087600000| PB 0x0000000087600000| Untracked |  0
|  43|0x0000000087700000, 0x0000000087700000, 0x0000000087800000|  0%| F|  |TAMS 0x0000000087700000| PB 0x0000000087700000| Untracked |  0
|  44|0x0000000087800000, 0x0000000087800000, 0x0000000087900000|  0%| F|  |TAMS 0x0000000087800000| PB 0x0000000087800000| Untracked |  0
|  45|0x0000000087900000, 0x0000000087900000, 0x0000000087a00000|  0%| F|  |TAMS 0x0000000087900000| PB 0x0000000087900000| Untracked |  0
|  46|0x0000000087a00000, 0x0000000087a00000, 0x0000000087b00000|  0%| F|  |TAMS 0x0000000087a00000| PB 0x0000000087a00000| Untracked |  0
|  47|0x0000000087b00000, 0x0000000087b00000, 0x0000000087c00000|  0%| F|  |TAMS 0x0000000087b00000| PB 0x0000000087b00000| Untracked |  0
|  48|0x0000000087c00000, 0x0000000087c00000, 0x0000000087d00000|  0%| F|  |TAMS 0x0000000087c00000| PB 0x0000000087c00000| Untracked |  0
|  49|0x0000000087d00000, 0x0000000087d00000, 0x0000000087e00000|  0%| F|  |TAMS 0x0000000087d00000| PB 0x0000000087d00000| Untracked |  0
|  50|0x0000000087e00000, 0x0000000087e00000, 0x0000000087f00000|  0%| F|  |TAMS 0x0000000087e00000| PB 0x0000000087e00000| Untracked |  0
|  51|0x0000000087f00000, 0x0000000087f00000, 0x0000000088000000|  0%| F|  |TAMS 0x0000000087f00000| PB 0x0000000087f00000| Untracked |  0
|  52|0x0000000088000000, 0x0000000088000000, 0x0000000088100000|  0%| F|  |TAMS 0x0000000088000000| PB 0x0000000088000000| Untracked |  0
|  53|0x0000000088100000, 0x0000000088100000, 0x0000000088200000|  0%| F|  |TAMS 0x0000000088100000| PB 0x0000000088100000| Untracked |  0
|  54|0x0000000088200000, 0x0000000088200000, 0x0000000088300000|  0%| F|  |TAMS 0x0000000088200000| PB 0x0000000088200000| Untracked |  0
|  67|0x0000000088f00000, 0x0000000088f00000, 0x0000000089000000|  0%| F|  |TAMS 0x0000000088f00000| PB 0x0000000088f00000| Untracked |  0
|  68|0x0000000089000000, 0x0000000089000000, 0x0000000089100000|  0%| F|  |TAMS 0x0000000089000000| PB 0x0000000089000000| Untracked |  0
|  69|0x0000000089100000, 0x00000000891a2428, 0x0000000089200000| 63%| E|  |TAMS 0x0000000089100000| PB 0x0000000089100000| Complete |  0
|  70|0x0000000089200000, 0x0000000089300000, 0x0000000089300000|100%| E|CS|TAMS 0x0000000089200000| PB 0x0000000089200000| Complete |  0
|  77|0x0000000089900000, 0x0000000089a00000, 0x0000000089a00000|100%| E|CS|TAMS 0x0000000089900000| PB 0x0000000089900000| Complete |  0
|  78|0x0000000089a00000, 0x0000000089b00000, 0x0000000089b00000|100%| E|CS|TAMS 0x0000000089a00000| PB 0x0000000089a00000| Complete |  0
| 123|0x000000008c700000, 0x000000008c800000, 0x000000008c800000|100%| E|CS|TAMS 0x000000008c700000| PB 0x000000008c700000| Complete |  0
|1964|0x00000000ff800000, 0x00000000ff900000, 0x00000000ff900000|100%| E|CS|TAMS 0x00000000ff800000| PB 0x00000000ff800000| Complete |  0
|1965|0x00000000ff900000, 0x00000000ffa00000, 0x00000000ffa00000|100%| O|  |TAMS 0x00000000ff900000| PB 0x00000000ff900000| Untracked |  0
|1966|0x00000000ffa00000, 0x00000000ffb00000, 0x00000000ffb00000|100%| O|  |TAMS 0x00000000ffa00000| PB 0x00000000ffa00000| Untracked |  0
|1967|0x00000000ffb00000, 0x00000000ffc00000, 0x00000000ffc00000|100%| O|  |TAMS 0x00000000ffb00000| PB 0x00000000ffb00000| Untracked |  0
|1968|0x00000000ffc00000, 0x00000000ffd00000, 0x00000000ffd00000|100%| O|  |TAMS 0x00000000ffc00000| PB 0x00000000ffc00000| Untracked |  0
|1969|0x00000000ffd00000, 0x00000000ffe00000, 0x00000000ffe00000|100%| O|  |TAMS 0x00000000ffd00000| PB 0x00000000ffd00000| Untracked |  0
|1970|0x00000000ffe00000, 0x00000000fff00000, 0x00000000fff00000|100%| O|  |TAMS 0x00000000ffe00000| PB 0x00000000ffe00000| Untracked |  0
|1971|0x00000000fff00000, 0x0000000100000000, 0x0000000100000000|100%| E|CS|TAMS 0x00000000fff00000| PB 0x00000000fff00000| Complete |  0

Card table byte_map: [0x000002e32f550000,0x000002e32f930000] _byte_map_base: 0x000002e32f12a000

Marking Bits: (CMBitMap*) 0x000002e317518340
 Bits: [0x000002e32f930000, 0x000002e331800000)

Polling page: 0x000002e315450000

Metaspace:
Metaspace        used 68889K, committed 69376K, reserved 1114112K
 class space     used 7290K, committed 7488K, reserved 1048576K

Usage:
  Non-class:     60.15 MB used.
      Class:      7.12 MB used.
       Both:     67.27 MB used.

Virtual space:
  Non-class space:       64.00 MB reserved,      60.44 MB ( 94%) committed,  1 nodes.
      Class space:        1.00 GB reserved,       7.31 MB ( <1%) committed,  1 nodes.
             Both:        1.06 GB reserved,      67.75 MB (  6%) committed. 

Chunk freelists:
   Non-Class:  3.59 MB
       Class:  8.70 MB
        Both:  12.30 MB

MaxMetaspaceSize: unlimited
CompressedClassSpaceSize: 1.00 GB
Initial GC threshold: 21.00 MB
Current GC threshold: 99.31 MB
CDS: on
 - commit_granule_bytes: 65536.
 - commit_granule_words: 8192.
 - virtual_space_node_default_size: 8388608.
 - enlarge_chunks_in_place: 1.
UseCompressedClassPointers 1, UseCompactObjectHeaders 0
Narrow klass pointer bits 32, Max shift 3
Narrow klass base: 0x0000000013000000, Narrow klass shift: 0
Encoding Range: [0x0000000013000000 - 0x0000000113000000), (4294967296 bytes)
Klass Range:    [0x0000000013010000 - 0x0000000054000000), (1090453504 bytes)
Klass ID Range:  [65536 - 1090519033) (1090453497)
Protection zone: [0x0000000013000000 - 0x0000000013010000), (65536 bytes)


Internal statistics:

num_allocs_failed_limit: 12.
num_arena_births: 630.
num_arena_deaths: 0.
num_vsnodes_births: 2.
num_vsnodes_deaths: 0.
num_space_committed: 1084.
num_space_uncommitted: 0.
num_chunks_returned_to_freelist: 12.
num_chunks_taken_from_freelist: 2926.
num_chunk_merges: 12.
num_chunk_splits: 2188.
num_chunks_enlarged: 1820.
num_inconsistent_stats: 0.

CodeHeap 'non-profiled nmethods': size=120064Kb used=3111Kb max_used=3111Kb free=116952Kb
 bounds [0x000002e3277f0000, 0x000002e327b00000, 0x000002e32ed30000]
CodeHeap 'profiled nmethods': size=120000Kb used=10982Kb max_used=10982Kb free=109017Kb
 bounds [0x000002e31fd30000, 0x000002e3207f0000, 0x000002e327260000]
CodeHeap 'non-nmethods': size=5696Kb used=1834Kb max_used=1919Kb free=3861Kb
 bounds [0x000002e327260000, 0x000002e3274d0000, 0x000002e3277f0000]
CodeCache: size=245760Kb, used=15927Kb, max_used=16012Kb, free=229830Kb
 total_blobs=7803, nmethods=7042, adapters=663, full_count=0
Compilation: enabled, stopped_count=0, restarted_count=0

Compilation events (20 events):
Event: 7625.302 Thread 0x000002e334232b90 nmethod 7745 0x000002e327af8308 code [0x000002e327af8400, 0x000002e327af84c8]
Event: 7625.302 Thread 0x000002e334232b90 7746       1       sun.net.ext.ExtendedSocketOptions::options (5 bytes)
Event: 7625.302 Thread 0x000002e334232b90 nmethod 7746 0x000002e327af8608 code [0x000002e327af8700, 0x000002e327af87c8]
Event: 7625.303 Thread 0x000002e334232b90 7747       1       sun.nio.ch.OptionKey::level (5 bytes)
Event: 7625.303 Thread 0x000002e334232b90 nmethod 7747 0x000002e327af8908 code [0x000002e327af8a00, 0x000002e327af8ac8]
Event: 7625.303 Thread 0x000002e334232b90 7748       1       sun.nio.ch.OptionKey::name (5 bytes)
Event: 7625.303 Thread 0x000002e334232b90 nmethod 7748 0x000002e327af8c08 code [0x000002e327af8d00, 0x000002e327af8dc8]
Event: 7625.304 Thread 0x000002e3341fd640 7790       4       com.mysql.cj.protocol.a.NativePacketHeader::getMessageSize (48 bytes)
Event: 7625.310 Thread 0x000002e3341fd640 nmethod 7790 0x000002e327af8f08 code [0x000002e327af9000, 0x000002e327af9110]
Event: 7626.370 Thread 0x000002e3341fd640 7791       4       java.util.stream.ReferencePipeline::filter (22 bytes)
Event: 7626.372 Thread 0x000002e334232b90 7793       1       sun.security.util.DerOutputStream::buf (5 bytes)
Event: 7626.373 Thread 0x000002e334232b90 nmethod 7793 0x000002e327af9208 code [0x000002e327af9300, 0x000002e327af93c8]
Event: 7626.379 Thread 0x000002e334232b90 7794       3       sun.security.ssl.Utilities::getBooleanProperty (65 bytes)
Event: 7626.381 Thread 0x000002e3341fd640 nmethod 7791 0x000002e327af9508 code [0x000002e327af9600, 0x000002e327af98c0]
Event: 7626.381 Thread 0x000002e3341fd640 7792       4       java.util.stream.ReferencePipeline$2::opWrapSink (14 bytes)
Event: 7626.382 Thread 0x000002e334232b90 nmethod 7794 0x000002e3207e8c88 code [0x000002e3207e8d80, 0x000002e3207e9a78]
Event: 7626.386 Thread 0x000002e3341fd640 nmethod 7792 0x000002e327af9908 code [0x000002e327af9a00, 0x000002e327af9ba0]
Event: 7626.386 Thread 0x000002e3341fd640 7795 %     4       java.math.BigInteger::montReduce @ 9 (99 bytes)
Event: 7626.391 Thread 0x000002e334232b90 7796       1       com.mysql.cj.protocol.a.result.OkPacket::getWarningCount (5 bytes)
Event: 7626.391 Thread 0x000002e334232b90 nmethod 7796 0x000002e327af9c08 code [0x000002e327af9d00, 0x000002e327af9dc8]

GC Heap Usage History (20 events):
Event: 1.363 {heap Before GC invocations=0 (full 0):
 garbage-first heap   total reserved 2019328K, committed 129024K, used 51349K [0x0000000084c00000, 0x0000000100000000)
  region size 1024K, 47 young (48128K), 0 survivors (0K)
}
Event: 1.370 {heap After GC invocations=1 (full 0):
 garbage-first heap   total reserved 2019328K, committed 129024K, used 10620K [0x0000000084c00000, 0x0000000100000000)
  region size 1024K, 6 young (6144K), 6 survivors (6144K)
}
Event: 2.174 {heap Before GC invocations=1 (full 0):
 garbage-first heap   total reserved 2019328K, committed 129024K, used 55676K [0x0000000084c00000, 0x0000000100000000)
  region size 1024K, 51 young (52224K), 6 survivors (6144K)
}
Event: 2.186 {heap After GC invocations=2 (full 0):
 garbage-first heap   total reserved 2019328K, committed 129024K, used 16326K [0x0000000084c00000, 0x0000000100000000)
  region size 1024K, 6 young (6144K), 6 survivors (6144K)
}
Event: 3.302 {heap Before GC invocations=3 (full 0):
 garbage-first heap   total reserved 2019328K, committed 61440K, used 59334K [0x0000000084c00000, 0x0000000100000000)
  region size 1024K, 48 young (49152K), 6 survivors (6144K)
}
Event: 3.309 {heap After GC invocations=4 (full 0):
 garbage-first heap   total reserved 2019328K, committed 71680K, used 20461K [0x0000000084c00000, 0x0000000100000000)
  region size 1024K, 4 young (4096K), 4 survivors (4096K)
}
Event: 4.038 {heap Before GC invocations=4 (full 0):
 garbage-first heap   total reserved 2019328K, committed 71680K, used 49133K [0x0000000084c00000, 0x0000000100000000)
  region size 1024K, 33 young (33792K), 4 survivors (4096K)
}
Event: 4.043 {heap After GC invocations=5 (full 0):
 garbage-first heap   total reserved 2019328K, committed 71680K, used 23043K [0x0000000084c00000, 0x0000000100000000)
  region size 1024K, 3 young (3072K), 3 survivors (3072K)
}
Event: 4.062 {heap Before GC invocations=5 (full 0):
 garbage-first heap   total reserved 2019328K, committed 71680K, used 23043K [0x0000000084c00000, 0x0000000100000000)
  region size 1024K, 4 young (4096K), 3 survivors (3072K)
}
Event: 4.066 {heap After GC invocations=6 (full 0):
 garbage-first heap   total reserved 2019328K, committed 71680K, used 22909K [0x0000000084c00000, 0x0000000100000000)
  region size 1024K, 3 young (3072K), 3 survivors (3072K)
}
Event: 5.355 {heap Before GC invocations=7 (full 0):
 garbage-first heap   total reserved 2019328K, committed 71680K, used 55677K [0x0000000084c00000, 0x0000000100000000)
  region size 1024K, 35 young (35840K), 3 survivors (3072K)
}
Event: 5.366 {heap After GC invocations=8 (full 0):
 garbage-first heap   total reserved 2019328K, committed 71680K, used 26012K [0x0000000084c00000, 0x0000000100000000)
  region size 1024K, 5 young (5120K), 5 survivors (5120K)
}
Event: 6.239 {heap Before GC invocations=8 (full 0):
 garbage-first heap   total reserved 2019328K, committed 71680K, used 56732K [0x0000000084c00000, 0x0000000100000000)
  region size 1024K, 35 young (35840K), 5 survivors (5120K)
}
Event: 6.245 {heap After GC invocations=9 (full 0):
 garbage-first heap   total reserved 2019328K, committed 71680K, used 27785K [0x0000000084c00000, 0x0000000100000000)
  region size 1024K, 2 young (2048K), 2 survivors (2048K)
}
Event: 6.494 {heap Before GC invocations=9 (full 0):
 garbage-first heap   total reserved 2019328K, committed 71680K, used 37001K [0x0000000084c00000, 0x0000000100000000)
  region size 1024K, 12 young (12288K), 2 survivors (2048K)
}
Event: 6.498 {heap After GC invocations=10 (full 0):
 garbage-first heap   total reserved 2019328K, committed 71680K, used 28021K [0x0000000084c00000, 0x0000000100000000)
  region size 1024K, 3 young (3072K), 3 survivors (3072K)
}
Event: 7.466 {heap Before GC invocations=11 (full 0):
 garbage-first heap   total reserved 2019328K, committed 71680K, used 59765K [0x0000000084c00000, 0x0000000100000000)
  region size 1024K, 34 young (34816K), 3 survivors (3072K)
}
Event: 7.472 {heap After GC invocations=12 (full 0):
 garbage-first heap   total reserved 2019328K, committed 71680K, used 30652K [0x0000000084c00000, 0x0000000100000000)
  region size 1024K, 5 young (5120K), 5 survivors (5120K)
}
Event: 5521.660 {heap Before GC invocations=12 (full 0):
 garbage-first heap   total reserved 2019328K, committed 71680K, used 61372K [0x0000000084c00000, 0x0000000100000000)
  region size 1024K, 35 young (35840K), 5 survivors (5120K)
}
Event: 5521.810 {heap After GC invocations=13 (full 0):
 garbage-first heap   total reserved 2019328K, committed 71680K, used 32520K [0x0000000084c00000, 0x0000000100000000)
  region size 1024K, 5 young (5120K), 5 survivors (5120K)
}

Metaspace Usage History (20 events):
Event: 1.363 {metaspace Before GC invocations=0 (full 0):
 Metaspace       used 12775K, committed 12992K, reserved 1114112K
  class space    used 1216K, committed 1344K, reserved 1048576K
}
Event: 1.370 {metaspace After GC invocations=1 (full 0):
 Metaspace       used 12775K, committed 12992K, reserved 1114112K
  class space    used 1216K, committed 1344K, reserved 1048576K
}
Event: 2.174 {metaspace Before GC invocations=1 (full 0):
 Metaspace       used 21238K, committed 21504K, reserved 1114112K
  class space    used 2013K, committed 2112K, reserved 1048576K
}
Event: 2.186 {metaspace After GC invocations=2 (full 0):
 Metaspace       used 21238K, committed 21504K, reserved 1114112K
  class space    used 2013K, committed 2112K, reserved 1048576K
}
Event: 3.302 {metaspace Before GC invocations=3 (full 0):
 Metaspace       used 28776K, committed 29184K, reserved 1114112K
  class space    used 2904K, committed 3072K, reserved 1048576K
}
Event: 3.309 {metaspace After GC invocations=4 (full 0):
 Metaspace       used 28776K, committed 29184K, reserved 1114112K
  class space    used 2904K, committed 3072K, reserved 1048576K
}
Event: 4.038 {metaspace Before GC invocations=4 (full 0):
 Metaspace       used 35617K, committed 35968K, reserved 1114112K
  class space    used 3733K, committed 3904K, reserved 1048576K
}
Event: 4.043 {metaspace After GC invocations=5 (full 0):
 Metaspace       used 35617K, committed 35968K, reserved 1114112K
  class space    used 3733K, committed 3904K, reserved 1048576K
}
Event: 4.062 {metaspace Before GC invocations=5 (full 0):
 Metaspace       used 35966K, committed 36288K, reserved 1114112K
  class space    used 3762K, committed 3904K, reserved 1048576K
}
Event: 4.066 {metaspace After GC invocations=6 (full 0):
 Metaspace       used 35966K, committed 36288K, reserved 1114112K
  class space    used 3762K, committed 3904K, reserved 1048576K
}
Event: 5.355 {metaspace Before GC invocations=7 (full 0):
 Metaspace       used 48525K, committed 48960K, reserved 1114112K
  class space    used 5053K, committed 5248K, reserved 1048576K
}
Event: 5.366 {metaspace After GC invocations=8 (full 0):
 Metaspace       used 48525K, committed 48960K, reserved 1114112K
  class space    used 5053K, committed 5248K, reserved 1048576K
}
Event: 6.239 {metaspace Before GC invocations=8 (full 0):
 Metaspace       used 58193K, committed 58624K, reserved 1114112K
  class space    used 6088K, committed 6272K, reserved 1048576K
}
Event: 6.245 {metaspace After GC invocations=9 (full 0):
 Metaspace       used 58193K, committed 58624K, reserved 1114112K
  class space    used 6088K, committed 6272K, reserved 1048576K
}
Event: 6.494 {metaspace Before GC invocations=9 (full 0):
 Metaspace       used 60373K, committed 60736K, reserved 1114112K
  class space    used 6352K, committed 6528K, reserved 1048576K
}
Event: 6.498 {metaspace After GC invocations=10 (full 0):
 Metaspace       used 60373K, committed 60736K, reserved 1114112K
  class space    used 6352K, committed 6528K, reserved 1048576K
}
Event: 7.466 {metaspace Before GC invocations=11 (full 0):
 Metaspace       used 65580K, committed 66048K, reserved 1114112K
  class space    used 6959K, committed 7168K, reserved 1048576K
}
Event: 7.472 {metaspace After GC invocations=12 (full 0):
 Metaspace       used 65580K, committed 66048K, reserved 1114112K
  class space    used 6959K, committed 7168K, reserved 1048576K
}
Event: 5521.660 {metaspace Before GC invocations=12 (full 0):
 Metaspace       used 68788K, committed 69248K, reserved 1114112K
  class space    used 7290K, committed 7488K, reserved 1048576K
}
Event: 5521.810 {metaspace After GC invocations=13 (full 0):
 Metaspace       used 68788K, committed 69248K, reserved 1114112K
  class space    used 7290K, committed 7488K, reserved 1048576K
}

Dll operation events (11 events):
Event: 0.021 Loaded shared library C:\Program Files\Java\jdk-25\bin\java.dll
Event: 0.172 Loaded shared library C:\Program Files\Java\jdk-25\bin\zip.dll
Event: 0.176 Loaded shared library C:\Program Files\Java\jdk-25\bin\instrument.dll
Event: 0.181 Loaded shared library C:\Program Files\Java\jdk-25\bin\net.dll
Event: 0.183 Loaded shared library C:\Program Files\Java\jdk-25\bin\nio.dll
Event: 0.186 Loaded shared library C:\Program Files\Java\jdk-25\bin\zip.dll
Event: 0.342 Loaded shared library C:\Program Files\Java\jdk-25\bin\extnet.dll
Event: 0.367 Loaded shared library C:\Program Files\Java\jdk-25\bin\jimage.dll
Event: 1.600 Loaded shared library C:\Program Files\Java\jdk-25\bin\sunmscapi.dll
Event: 3.160 Loaded shared library C:\Program Files\Java\jdk-25\bin\management.dll
Event: 3.162 Loaded shared library C:\Program Files\Java\jdk-25\bin\management_ext.dll

Deoptimization events (20 events):
Event: 6487.432 Thread 0x000002e33bb986a0 Uncommon trap: trap_request=0xffffffbe fr.pc=0x000002e327af3ad8 relative=0x0000000000000358
Event: 6487.432 Thread 0x000002e33bb986a0 Uncommon trap: reason=profile_predicate action=maybe_recompile pc=0x000002e327af3ad8 method=java.util.concurrent.ConcurrentHashMap$Traverser.advance()Ljava/util/concurrent/ConcurrentHashMap$Node; @ 15 c2
Event: 6487.432 Thread 0x000002e33bb986a0 DEOPT PACKING pc=0x000002e327af3ad8 sp=0x000000f8098ff2e0
Event: 6487.433 Thread 0x000002e33bb986a0 DEOPT UNPACKING pc=0x000002e327390882 sp=0x000000f8098ff038 mode 2
Event: 6487.433 Thread 0x000002e33bb986a0 Uncommon trap: trap_request=0xffffffbe fr.pc=0x000002e327af3ad8 relative=0x0000000000000358
Event: 6487.433 Thread 0x000002e33bb986a0 Uncommon trap: reason=profile_predicate action=maybe_recompile pc=0x000002e327af3ad8 method=java.util.concurrent.ConcurrentHashMap$Traverser.advance()Ljava/util/concurrent/ConcurrentHashMap$Node; @ 15 c2
Event: 6487.433 Thread 0x000002e33bb986a0 DEOPT PACKING pc=0x000002e327af3ad8 sp=0x000000f8098ff2e0
Event: 6487.433 Thread 0x000002e33bb986a0 DEOPT UNPACKING pc=0x000002e327390882 sp=0x000000f8098ff038 mode 2
Event: 6487.433 Thread 0x000002e33bb986a0 Uncommon trap: trap_request=0xffffffbe fr.pc=0x000002e327af3fc4 relative=0x0000000000000344
Event: 6487.433 Thread 0x000002e33bb986a0 Uncommon trap: reason=profile_predicate action=maybe_recompile pc=0x000002e327af3fc4 method=java.util.concurrent.ConcurrentHashMap$Traverser.advance()Ljava/util/concurrent/ConcurrentHashMap$Node; @ 15 c2
Event: 6487.433 Thread 0x000002e33bb986a0 DEOPT PACKING pc=0x000002e327af3fc4 sp=0x000000f8098ff270
Event: 6487.433 Thread 0x000002e33bb986a0 DEOPT UNPACKING pc=0x000002e327390882 sp=0x000000f8098ff030 mode 2
Event: 7624.372 Thread 0x000002e33ac5c970 DEOPT PACKING pc=0x000002e3207905f8 sp=0x000000f8078fe830
Event: 7624.372 Thread 0x000002e33ac5c970 DEOPT UNPACKING pc=0x000002e3272b12a2 sp=0x000000f8078fdca0 mode 0
Event: 7624.547 Thread 0x000002e33ac5c970 DEOPT PACKING pc=0x000002e3207660c1 sp=0x000000f8078fdba0
Event: 7624.547 Thread 0x000002e33ac5c970 DEOPT UNPACKING pc=0x000002e3272b12a2 sp=0x000000f8078fd018 mode 0
Event: 7624.710 Thread 0x000002e33ac5c970 DEOPT PACKING pc=0x000002e3204f3be6 sp=0x000000f8078fda60
Event: 7625.219 Thread 0x000002e33ac5c970 DEOPT UNPACKING pc=0x000002e3272b12a2 sp=0x000000f8078fceb8 mode 0
Event: 7625.302 Thread 0x000002e33ac5c970 DEOPT PACKING pc=0x000002e3207905f8 sp=0x000000f8078fe830
Event: 7625.302 Thread 0x000002e33ac5c970 DEOPT UNPACKING pc=0x000002e3272b12a2 sp=0x000000f8078fdca0 mode 0

Classes loaded (20 events):
Event: 7.885 Loading class sun/nio/ch/SinkChannelImpl
Event: 7.885 Loading class java/nio/channels/Pipe$SinkChannel
Event: 7.885 Loading class java/nio/channels/Pipe$SinkChannel done
Event: 7.885 Loading class sun/nio/ch/SinkChannelImpl done
Event: 7.889 Loading class java/util/TreeMap$ValueSpliterator
Event: 7.889 Loading class java/util/TreeMap$TreeMapSpliterator
Event: 7.889 Loading class java/util/TreeMap$TreeMapSpliterator done
Event: 7.889 Loading class java/util/TreeMap$ValueSpliterator done
Event: 7.902 Loading class java/util/IdentityHashMap$KeySpliterator
Event: 7.902 Loading class java/util/IdentityHashMap$IdentityHashMapSpliterator
Event: 7.902 Loading class java/util/IdentityHashMap$IdentityHashMapSpliterator done
Event: 7.902 Loading class java/util/IdentityHashMap$KeySpliterator done
Event: 1477.121 Loading class sun/security/ssl/Alert
Event: 1477.140 Loading class sun/security/ssl/Alert done
Event: 1477.144 Loading class sun/security/ssl/Alert$AlertConsumer
Event: 1477.148 Loading class sun/security/ssl/Alert$AlertConsumer done
Event: 1477.148 Loading class sun/security/ssl/Alert$Level
Event: 1477.149 Loading class sun/security/ssl/Alert$Level done
Event: 1477.155 Loading class sun/net/ConnectionResetException
Event: 1477.156 Loading class sun/net/ConnectionResetException done

Classes unloaded (0 events):
No events

Classes redefined (0 events):
No events

Internal exceptions (20 events):
Event: 7.060 Thread 0x000002e3174bd870 Exception <a 'java/lang/IncompatibleClassChangeError'{0x0000000087760440}: Found class java.lang.Object, but interface was expected> (0x0000000087760440) 
thrown [s\open\src\hotspot\share\interpreter\linkResolver.cpp, line 871]
Event: 7.112 Thread 0x000002e3174bd870 Exception <a 'java/lang/IncompatibleClassChangeError'{0x0000000087508840}: Found class java.lang.Object, but interface was expected> (0x0000000087508840) 
thrown [s\open\src\hotspot\share\interpreter\linkResolver.cpp, line 871]
Event: 7.427 Thread 0x000002e3174bd870 Exception <a 'java/lang/NoSuchMethodError'{0x0000000086a4cfb0}: 'java.lang.Object java.lang.invoke.DirectMethodHandle$Holder.newInvokeSpecial(java.lang.Object, java.lang.Object, java.lang.Object, java.lang.Object, java.lang.Object, java.lang.Object, java.lang.Object, java.lang.Object, java.lang.Object, java.lang.Object, java.lang.Object)'> (0x0000000086a4cfb0) 
thrown [s\open\src\hotspot\share\interpreter\linkResolver.cpp, line 804]
Event: 7.476 Thread 0x000002e3174bd870 Exception <a 'java/io/IOException'{0x00000000fff118e8}> (0x00000000fff118e8) 
thrown [s\open\src\hotspot\share\prims\jni.cpp, line 516]
Event: 7.534 Thread 0x000002e3174bd870 Exception <a 'java/lang/NoSuchMethodError'{0x000000008c7b5300}: 'void java.lang.invoke.Invokers$Holder.invokeExact_MT(java.lang.Object, java.lang.Object, java.lang.Object, java.lang.Object)'> (0x000000008c7b5300) 
thrown [s\open\src\hotspot\share\interpreter\linkResolver.cpp, line 804]
Event: 7.556 Thread 0x000002e3174bd870 Exception <a 'java/lang/NoSuchMethodError'{0x0000000089ac2a20}: 'java.lang.Object java.lang.invoke.DirectMethodHandle$Holder.invokeVirtual(java.lang.Object, java.lang.Object, java.lang.Object, int)'> (0x0000000089ac2a20) 
thrown [s\open\src\hotspot\share\interpreter\linkResolver.cpp, line 804]
Event: 7.585 Thread 0x000002e3174bd870 Exception <a 'java/lang/NoSuchMethodError'{0x00000000892aa850}: 'java.lang.Object java.lang.invoke.DirectMethodHandle$Holder.invokeVirtual(java.lang.Object, java.lang.Object, int)'> (0x00000000892aa850) 
thrown [s\open\src\hotspot\share\interpreter\linkResolver.cpp, line 804]
Event: 7.671 Thread 0x000002e3174bd870 Exception <a 'java/lang/IncompatibleClassChangeError'{0x0000000088234cb8}: Found class java.lang.Object, but interface was expected> (0x0000000088234cb8) 
thrown [s\open\src\hotspot\share\interpreter\linkResolver.cpp, line 871]
Event: 7.758 Thread 0x000002e3174bd870 Exception <a 'java/lang/NoSuchMethodError'{0x0000000087fad578}: 'int java.lang.invoke.DirectMethodHandle$Holder.invokeStaticInit(java.lang.Object, java.lang.Object, java.lang.Object, java.lang.Object)'> (0x0000000087fad578) 
thrown [s\open\src\hotspot\share\interpreter\linkResolver.cpp, line 804]
Event: 7.812 Thread 0x000002e3174bd870 Exception <a 'java/lang/IncompatibleClassChangeError'{0x0000000087dbde48}: Found class java.lang.Object, but interface was expected> (0x0000000087dbde48) 
thrown [s\open\src\hotspot\share\interpreter\linkResolver.cpp, line 871]
Event: 7.817 Thread 0x000002e3174bd870 Implicit null exception at 0x000002e32790c6a5 to 0x000002e32790c7ec
Event: 7.863 Thread 0x000002e3174bd870 Exception <a 'java/lang/NoSuchMethodError'{0x0000000087a38140}: 'java.lang.Object java.lang.invoke.DirectMethodHandle$Holder.newInvokeSpecial(java.lang.Object, java.lang.Object, int, java.lang.Object, java.lang.Object)'> (0x0000000087a38140) 
thrown [s\open\src\hotspot\share\interpreter\linkResolver.cpp, line 804]
Event: 1477.151 Thread 0x000002e334202d10 Exception <a 'java/io/IOException'{0x000000008751bcb8}> (0x000000008751bcb8) 
thrown [s\open\src\hotspot\share\prims\jni.cpp, line 516]
Event: 1477.155 Thread 0x000002e334202d10 Exception <a 'java/io/IOException'{0x000000008751d240}> (0x000000008751d240) 
thrown [s\open\src\hotspot\share\prims\jni.cpp, line 516]
Event: 1787.651 Thread 0x000002e33ac59a90 Exception <a 'java/net/SocketException'{0x0000000087034de0}: Connection reset by peer: shutdown> (0x0000000087034de0) 
thrown [s\open\src\hotspot\share\prims\jni.cpp, line 534]
Event: 6487.418 Thread 0x000002e33bb986a0 Implicit null exception at 0x000002e327af37f9 to 0x000002e327af3abc
Event: 6487.429 Thread 0x000002e33bb986a0 Implicit null exception at 0x000002e327af37f9 to 0x000002e327af3abc
Event: 6487.432 Thread 0x000002e33bb986a0 Implicit null exception at 0x000002e327af37f9 to 0x000002e327af3abc
Event: 6487.433 Thread 0x000002e33bb986a0 Implicit null exception at 0x000002e327af37f9 to 0x000002e327af3abc
Event: 6487.433 Thread 0x000002e33bb986a0 Implicit null exception at 0x000002e327af3cf7 to 0x000002e327af3fa8

VM Operations (20 events):
Event: 7.306 Executing non-safepoint VM operation: HandshakeAllThreads (Deoptimize)
Event: 7.306 Executing non-safepoint VM operation: HandshakeAllThreads (Deoptimize) done
Event: 7.466 Executing safepoint VM operation: G1CollectForAllocation (G1 Evacuation Pause)
Event: 7.472 Executing safepoint VM operation: G1CollectForAllocation (G1 Evacuation Pause) done
Event: 7.638 Executing non-safepoint VM operation: HandshakeAllThreads (Deoptimize)
Event: 7.638 Executing non-safepoint VM operation: HandshakeAllThreads (Deoptimize) done
Event: 7.639 Executing non-safepoint VM operation: HandshakeAllThreads (Deoptimize)
Event: 7.639 Executing non-safepoint VM operation: HandshakeAllThreads (Deoptimize) done
Event: 7.643 Executing non-safepoint VM operation: HandshakeAllThreads (Deoptimize)
Event: 7.644 Executing non-safepoint VM operation: HandshakeAllThreads (Deoptimize) done
Event: 7.683 Executing non-safepoint VM operation: HandshakeAllThreads (Deoptimize)
Event: 7.684 Executing non-safepoint VM operation: HandshakeAllThreads (Deoptimize) done
Event: 7.732 Executing non-safepoint VM operation: HandshakeAllThreads (Deoptimize)
Event: 7.732 Executing non-safepoint VM operation: HandshakeAllThreads (Deoptimize) done
Event: 60.039 Executing non-safepoint VM operation: HandshakeAllThreads (HandshakeForDeflation)
Event: 60.039 Executing non-safepoint VM operation: HandshakeAllThreads (HandshakeForDeflation) done
Event: 60.039 Executing non-safepoint VM operation: RendezvousGCThreads
Event: 60.039 Executing non-safepoint VM operation: RendezvousGCThreads done
Event: 5521.656 Executing safepoint VM operation: G1CollectForAllocation (G1 Evacuation Pause)
Event: 5521.810 Executing safepoint VM operation: G1CollectForAllocation (G1 Evacuation Pause) done

Memory protections (0 events):
No events

Nmethod flushes (20 events):
Event: 6.529 Thread 0x000002e3341e0df0 flushing  nmethod 0x000002e3200b0c08
Event: 6.529 Thread 0x000002e3341e0df0 flushing  nmethod 0x000002e3200dd888
Event: 6.529 Thread 0x000002e3341e0df0 flushing  nmethod 0x000002e3200e0f08
Event: 6.529 Thread 0x000002e3341e0df0 flushing  nmethod 0x000002e320110288
Event: 6.529 Thread 0x000002e3341e0df0 flushing  nmethod 0x000002e320117208
Event: 6.529 Thread 0x000002e3341e0df0 flushing  nmethod 0x000002e320180788
Event: 6.529 Thread 0x000002e3341e0df0 flushing  nmethod 0x000002e320180a88
Event: 6.529 Thread 0x000002e3341e0df0 flushing  nmethod 0x000002e3201ab588
Event: 6.529 Thread 0x000002e3341e0df0 flushing  nmethod 0x000002e3201ae708
Event: 6.529 Thread 0x000002e3341e0df0 flushing  nmethod 0x000002e3201b6908
Event: 6.529 Thread 0x000002e3341e0df0 flushing  nmethod 0x000002e320289588
Event: 6.529 Thread 0x000002e3341e0df0 flushing  nmethod 0x000002e320336908
Event: 6.529 Thread 0x000002e3341e0df0 flushing  nmethod 0x000002e320336e08
Event: 6.529 Thread 0x000002e3341e0df0 flushing  nmethod 0x000002e320337488
Event: 6.529 Thread 0x000002e3341e0df0 flushing  nmethod 0x000002e32036f488
Event: 6.529 Thread 0x000002e3341e0df0 flushing  nmethod 0x000002e3203acb08
Event: 6.529 Thread 0x000002e3341e0df0 flushing  nmethod 0x000002e3203e8208
Event: 6.529 Thread 0x000002e3341e0df0 flushing  nmethod 0x000002e3203f2108
Event: 6.529 Thread 0x000002e3341e0df0 flushing  nmethod 0x000002e320475408
Event: 6.529 Thread 0x000002e3341e0df0 flushing  nmethod 0x000002e3204cf788

Events (20 events):
Event: 1781.345 Thread 0x000002e334203cb0 Thread added: 0x000002e33ac5c970
Event: 1781.347 Thread 0x000002e33ac5c970 Thread added: 0x000002e33ac5b200
Event: 1787.363 Thread 0x000002e33ac5c970 Thread exited: 0x000002e33ac5c970
Event: 1787.415 Thread 0x000002e33ac5b200 Thread exited: 0x000002e33ac5b200
Event: 1787.647 Thread 0x000002e334203cb0 Thread added: 0x000002e33ac59a90
Event: 1787.652 Thread 0x000002e33ac59a90 Thread added: 0x000002e33ac5a260
Event: 1792.653 Thread 0x000002e33ac59a90 Thread exited: 0x000002e33ac59a90
Event: 1792.706 Thread 0x000002e33ac5a260 Thread exited: 0x000002e33ac5a260
Event: 1800.823 Thread 0x000002e334203cb0 Thread added: 0x000002e33ac5c970
Event: 1800.825 Thread 0x000002e33ac5c970 Thread added: 0x000002e33ac5b200
Event: 1805.825 Thread 0x000002e33ac5c970 Thread exited: 0x000002e33ac5c970
Event: 1805.885 Thread 0x000002e33ac5b200 Thread exited: 0x000002e33ac5b200
Event: 5520.984 Thread 0x000002e334203cb0 Thread added: 0x000002e33ac5d140
Event: 5521.000 Thread 0x000002e33ac5d140 Thread added: 0x000002e33ac5c970
Event: 5526.101 Thread 0x000002e33ac5d140 Thread exited: 0x000002e33ac5d140
Event: 5527.026 Thread 0x000002e33ac5c970 Thread exited: 0x000002e33ac5c970
Event: 7623.861 Thread 0x000002e334203cb0 Thread added: 0x000002e33ac5aa30
Event: 7623.904 Thread 0x000002e33ac5aa30 Thread added: 0x000002e33ac5c970
Event: 7625.220 Thread 0x000002e3341fd640 Thread added: 0x000002e339d52300
Event: 7626.370 Thread 0x000002e339d52300 Thread exited: 0x000002e339d52300


Dynamic libraries:
0x00007ff7d8bf0000 - 0x00007ff7d8c00000 	C:\Program Files\Java\jdk-25\bin\java.exe
0x00007ff939520000 - 0x00007ff939787000 	C:\WINDOWS\SYSTEM32\ntdll.dll
0x00007ff937f50000 - 0x00007ff938019000 	C:\WINDOWS\System32\KERNEL32.DLL
0x00007ff9369f0000 - 0x00007ff936ddf000 	C:\WINDOWS\System32\KERNELBASE.dll
0x00007ff9370c0000 - 0x00007ff93720b000 	C:\WINDOWS\System32\ucrtbase.dll
0x00007ff925f10000 - 0x00007ff925f27000 	C:\Program Files\Java\jdk-25\bin\jli.dll
0x00007ff91c3d0000 - 0x00007ff91c3ee000 	C:\Program Files\Java\jdk-25\bin\VCRUNTIME140.dll
0x00007ff937d20000 - 0x00007ff937ee5000 	C:\WINDOWS\System32\USER32.dll
0x00007ff936df0000 - 0x00007ff936e17000 	C:\WINDOWS\System32\win32u.dll
0x00007ff919330000 - 0x00007ff9195c3000 	C:\WINDOWS\WinSxS\amd64_microsoft.windows.common-controls_6595b64144ccf1df_6.0.26100.7309_none_3e05feeae336a044\COMCTL32.dll
0x00007ff937f20000 - 0x00007ff937f4b000 	C:\WINDOWS\System32\GDI32.dll
0x00007ff9390d0000 - 0x00007ff939179000 	C:\WINDOWS\System32\msvcrt.dll
0x00007ff936e20000 - 0x00007ff936f4c000 	C:\WINDOWS\System32\gdi32full.dll
0x00007ff937210000 - 0x00007ff9372b3000 	C:\WINDOWS\System32\msvcp_win.dll
0x00007ff938c20000 - 0x00007ff938c51000 	C:\WINDOWS\System32\IMM32.DLL
0x00007ff91a550000 - 0x00007ff91a55c000 	C:\Program Files\Java\jdk-25\bin\vcruntime140_1.dll
0x00007ff9177e0000 - 0x00007ff91786d000 	C:\Program Files\Java\jdk-25\bin\msvcp140.dll
0x00007ff879710000 - 0x00007ff87a56f000 	C:\Program Files\Java\jdk-25\bin\server\jvm.dll
0x00007ff938c60000 - 0x00007ff938d14000 	C:\WINDOWS\System32\ADVAPI32.dll
0x00007ff9386f0000 - 0x00007ff938796000 	C:\WINDOWS\System32\sechost.dll
0x00007ff938540000 - 0x00007ff938658000 	C:\WINDOWS\System32\RPCRT4.dll
0x00007ff938660000 - 0x00007ff9386d4000 	C:\WINDOWS\System32\WS2_32.dll
0x00007ff92d500000 - 0x00007ff92d535000 	C:\WINDOWS\SYSTEM32\WINMM.dll
0x00007ff9364d0000 - 0x00007ff93652e000 	C:\WINDOWS\SYSTEM32\POWRPROF.dll
0x00007ff92d140000 - 0x00007ff92d14b000 	C:\WINDOWS\SYSTEM32\VERSION.dll
0x00007ff9364b0000 - 0x00007ff9364c4000 	C:\WINDOWS\SYSTEM32\UMPDC.dll
0x00007ff9353c0000 - 0x00007ff9353db000 	C:\WINDOWS\SYSTEM32\kernel.appcore.dll
0x00007ff91a540000 - 0x00007ff91a54a000 	C:\Program Files\Java\jdk-25\bin\jimage.dll
0x00007ff933be0000 - 0x00007ff933e22000 	C:\WINDOWS\SYSTEM32\DBGHELP.DLL
0x00007ff938d20000 - 0x00007ff9390a5000 	C:\WINDOWS\System32\combase.dll
0x00007ff938b40000 - 0x00007ff938c16000 	C:\WINDOWS\System32\OLEAUT32.dll
0x00007ff910e60000 - 0x00007ff910e9c000 	C:\WINDOWS\SYSTEM32\dbgcore.DLL
0x00007ff936940000 - 0x00007ff9369e5000 	C:\WINDOWS\System32\bcryptPrimitives.dll
0x00007ff91a530000 - 0x00007ff91a540000 	C:\Program Files\Java\jdk-25\bin\instrument.dll
0x00007ff91a4e0000 - 0x00007ff91a4ff000 	C:\Program Files\Java\jdk-25\bin\java.dll
0x00007ff9373c0000 - 0x00007ff937557000 	C:\WINDOWS\System32\ole32.dll
0x00007ff9375c0000 - 0x00007ff937d13000 	C:\WINDOWS\System32\SHELL32.dll
0x00007ff936f50000 - 0x00007ff9370ba000 	C:\WINDOWS\System32\wintypes.dll
0x00007ff934240000 - 0x00007ff934a9e000 	C:\WINDOWS\SYSTEM32\windows.storage.dll
0x00007ff9372c0000 - 0x00007ff9373b5000 	C:\WINDOWS\System32\SHCORE.dll
0x00007ff9387a0000 - 0x00007ff938806000 	C:\WINDOWS\System32\shlwapi.dll
0x00007ff936590000 - 0x00007ff9365b9000 	C:\WINDOWS\SYSTEM32\profapi.dll
0x00007ff90be40000 - 0x00007ff90be57000 	C:\Program Files\Java\jdk-25\bin\zip.dll
0x00007ff91a4c0000 - 0x00007ff91a4d2000 	C:\Program Files\Java\jdk-25\bin\net.dll
0x00007ff935990000 - 0x00007ff9359fb000 	C:\WINDOWS\system32\mswsock.dll
0x00007ff91a4a0000 - 0x00007ff91a4b6000 	C:\Program Files\Java\jdk-25\bin\nio.dll
0x00007ff91a510000 - 0x00007ff91a519000 	C:\Program Files\Java\jdk-25\bin\extnet.dll
0x00007ff9177d0000 - 0x00007ff9177de000 	C:\Program Files\Java\jdk-25\bin\sunmscapi.dll
0x00007ff936670000 - 0x00007ff9367e7000 	C:\WINDOWS\System32\CRYPT32.dll
0x00007ff935e70000 - 0x00007ff935ea0000 	C:\WINDOWS\SYSTEM32\ncrypt.dll
0x00007ff935e20000 - 0x00007ff935e5f000 	C:\WINDOWS\SYSTEM32\NTASN1.dll
0x00007ff935c60000 - 0x00007ff935c7b000 	C:\WINDOWS\SYSTEM32\CRYPTSP.dll
0x00007ff935380000 - 0x00007ff9353ba000 	C:\WINDOWS\system32\rsaenh.dll
0x00007ff935a40000 - 0x00007ff935a6b000 	C:\WINDOWS\SYSTEM32\USERENV.dll
0x00007ff936560000 - 0x00007ff93658a000 	C:\WINDOWS\SYSTEM32\bcrypt.dll
0x00007ff935c50000 - 0x00007ff935c5c000 	C:\WINDOWS\SYSTEM32\CRYPTBASE.dll
0x00007ff934de0000 - 0x00007ff934e14000 	C:\WINDOWS\SYSTEM32\IPHLPAPI.DLL
0x00007ff939340000 - 0x00007ff93934a000 	C:\WINDOWS\System32\NSI.dll
0x00007ff9177a0000 - 0x00007ff9177aa000 	C:\Program Files\Java\jdk-25\bin\management.dll
0x00007ff90be30000 - 0x00007ff90be3c000 	C:\Program Files\Java\jdk-25\bin\management_ext.dll
0x00007ff9390b0000 - 0x00007ff9390b8000 	C:\WINDOWS\System32\PSAPI.DLL
0x00007ff934e70000 - 0x00007ff934f9c000 	C:\WINDOWS\SYSTEM32\DNSAPI.dll
0x00007ff92fd20000 - 0x00007ff92fd2b000 	C:\Windows\System32\rasadhlp.dll
0x00007ff92fc90000 - 0x00007ff92fd16000 	C:\WINDOWS\System32\fwpuclnt.dll
0x00007ff8abb50000 - 0x00007ff8abb58000 	C:\WINDOWS\system32\wshunix.dll

JVMTI agents:
C:\Program Files\JetBrains\IntelliJ IDEA Community Edition 2024.3.2.2\lib\idea_rt.jar path:C:\Program Files\Java\jdk-25\bin\instrument.dll, loaded, initialized, instrumentlib options:49726

dbghelp: loaded successfully - version: 4.0.5 - missing functions: none
symbol engine: initialized successfully - sym options: 0x614 - pdb path: .;C:\Program Files\Java\jdk-25\bin;C:\WINDOWS\SYSTEM32;C:\WINDOWS\WinSxS\amd64_microsoft.windows.common-controls_6595b64144ccf1df_6.0.26100.7309_none_3e05feeae336a044;C:\Program Files\Java\jdk-25\bin\server

VM Arguments:
jvm_args: -javaagent:C:\Program Files\JetBrains\IntelliJ IDEA Community Edition 2024.3.2.2\lib\idea_rt.jar=49726 -Dfile.encoding=UTF-8 -Dsun.stdout.encoding=UTF-8 -Dsun.stderr.encoding=UTF-8 
java_command: com.fit.FitlyFy.FitlyFyApplication
java_class_path (initial): D:\SpringBoot\EmX\FitlyFy\FitlyFy\target\classes;C:\Users\hvs16\.m2\repository\org\springframework\boot\spring-boot-starter-webmvc\4.0.1\spring-boot-starter-webmvc-4.0.1.jar;C:\Users\hvs16\.m2\repository\org\springframework\boot\spring-boot-starter\4.0.1\spring-boot-starter-4.0.1.jar;C:\Users\hvs16\.m2\repository\org\springframework\boot\spring-boot-starter-logging\4.0.1\spring-boot-starter-logging-4.0.1.jar;C:\Users\hvs16\.m2\repository\ch\qos\logback\logback-classic\1.5.22\logback-classic-1.5.22.jar;C:\Users\hvs16\.m2\repository\ch\qos\logback\logback-core\1.5.22\logback-core-1.5.22.jar;C:\Users\hvs16\.m2\repository\org\apache\logging\log4j\log4j-to-slf4j\2.25.3\log4j-to-slf4j-2.25.3.jar;C:\Users\hvs16\.m2\repository\org\apache\logging\log4j\log4j-api\2.25.3\log4j-api-2.25.3.jar;C:\Users\hvs16\.m2\repository\org\slf4j\jul-to-slf4j\2.0.17\jul-to-slf4j-2.0.17.jar;C:\Users\hvs16\.m2\repository\org\springframework\boot\spring-boot-autoconfigure\4.0.1\spring-boot-autoconfigure-4.0.1.jar;C:\Users\hvs16\.m2\repository\jakarta\annotation\jakarta.annotation-api\3.0.0\jakarta.annotation-api-3.0.0.jar;C:\Users\hvs16\.m2\repository\org\yaml\snakeyaml\2.5\snakeyaml-2.5.jar;C:\Users\hvs16\.m2\repository\org\springframework\boot\spring-boot-starter-jackson\4.0.1\spring-boot-starter-jackson-4.0.1.jar;C:\Users\hvs16\.m2\repository\org\springframework\boot\spring-boot-jackson\4.0.1\spring-boot-jackson-4.0.1.jar;C:\Users\hvs16\.m2\repository\tools\jackson\core\jackson-databind\3.0.3\jackson-databind-3.0.3.jar;C:\Users\hvs16\.m2\repository\com\fasterxml\jackson\core\jackson-annotations\2.20\jackson-annotations-2.20.jar;C:\Users\hvs16\.m2\repository\tools\jackson\core\jackson-core\3.0.3\jackson-core-3.0.3.jar;C:\Users\hvs16\.m2\repository\org\springframework\boot\spring-boot-starter-tomcat\4.0.1\spring-boot-starter-tomcat-4.0.1.jar;C:\Users\hvs16\.m2\repository\org\springframework\boot\spring-boot-starter-tomcat-runtime\4.0.1\spring-boot-starter-tomcat-runtime-4.0.1.jar;C:\Users\hvs16\.m2\repository\org\apache\tomcat\embed\tomcat-embed-core\11.0.15\tomcat-embed-core-11.0.15.jar;C:\Users\hvs16\.m2\repository\org\apache\tomcat\embed\tomcat-embed-el\11.0.15\tomcat-embed-el-11.0.15.jar;C:\Users\hvs16\.m2\repository\org\apache\tomcat\embed\tomcat-embed-websocket\11.0.15\tomcat-embed-websocket-11.0.15.jar;C:\Users\hvs16\.m2\repository\org\springframework\boot\spring-boot-tomcat\4.0.1\spring-boot-tomcat-4.0.1.jar;C:\Users\hvs16\.m2\repository\org\springframework\boot\spring-boot-http-converter\4.0.1\spring-boot-http-converter-4.0.1.jar;C:\Users\hvs16\.m2\repository\org\springframework\boot\spring-boot\4.0.1\spring-boot-4.0.1.jar;C:\Users\hvs16\.m2\repository\org\springframework\spring-context\7.0.2\spring-context-7.0.2.jar;C:\Users\hvs16\.m2\repository\org\springframework\spring-web\7.0.2\spring-web-7.0.2.jar;C:\Users\hvs16\.m2\repository\org\springframework\spring-beans\7.0.2\spring-beans-7.0.2.jar;C:\Users\hvs16\.m2\repository\io\micrometer\micrometer-observation\1.16.1\micrometer-observation-1.16.1.jar;C:\Users\hvs16\.m2\repository\io\micrometer\micrometer-commons\1.16.1\micrometer-commons-1.16.1.jar;C:\Users\hvs16\.m2\repository\org\springframework\boot\spring-boot-webmvc\4.0.1\spring-boot-webmvc-4.0.1.jar;C:\Users\hvs16\.m2\repository\org\springframework\boot\spring-boot-servlet\4.0.1\spring-boot-servlet-4.0.1.jar;C:\Users\hvs16\.m2\repository\org\springframework\spring-webmvc\7.0.2\spring-webmvc-7.0.2.jar;C:\Users\hvs16\.m2\repository\org\springframework\spring-aop\7.0.2\spring-aop-7.0.2.jar;C:\Users\hvs16\.m2\repository\org\springframework\spring-expression\7.0.2\spring-expression-7.0.2.jar;C:\Users\hvs16\.m2\repository\org\springframework\boot\spring-boot-starter-data-jpa\4.0.1\spring-boot-starter-data-jpa-4.0.1.jar;C:\Users\hvs16\.m2\repository\org\springframework\boot\spring-boot-starter-jdbc\4.0.1\spring-boot-starter-jdbc-4.0.1.jar;C:\Users\hvs16\.m2\repository\com\zaxxer\HikariCP\7.0.2\HikariCP-7.0.2.jar;C:\Users\hvs16\.m2\repository\org\slf4j\slf4j-api\2.0.17\slf4j-api-2.0.17.jar;C:\Users\hvs16\.m2\repository\org\springframework\boot\spring-boot-data-jpa\4.0.1\spring-boot-data-jpa-4.0.1.jar;C:\Users\hvs16\.m2\repository\org\springframework\boot\spring-boot-data-commons\4.0.1\spring-boot-data-commons-4.0.1.jar;C:\Users\hvs16\.m2\repository\org\springframework\boot\spring-boot-persistence\4.0.1\spring-boot-persistence-4.0.1.jar;C:\Users\hvs16\.m2\repository\org\springframework\data\spring-data-commons\4.0.1\spring-data-commons-4.0.1.jar;C:\Users\hvs16\.m2\repository\org\springframework\boot\spring-boot-hibernate\4.0.1\spring-boot-hibernate-4.0.1.jar;C:\Users\hvs16\.m2\repository\org\springframework\boot\spring-boot-jpa\4.0.1\spring-boot-jpa-4.0.1.jar;C:\Users\hvs16\.m2\repository\jakarta\persistence\jakarta.persistence-api\3.2.0\jakarta.persistence-api-3.2.0.jar;C:\Users\hvs16\.m2\repository\org\hibernate\orm\hibernate-core\7.2.0.Final\hibernate-core-7.2.0.Final.jar;C:\Users\hvs16\.m2\repository\jakarta\transaction\jakarta.transaction-api\2.0.1\jakarta.transaction-api-2.0.1.jar;C:\Users\hvs16\.m2\repository\org\jboss\logging\jboss-logging\3.6.1.Final\jboss-logging-3.6.1.Final.jar;C:\Users\hvs16\.m2\repository\org\hibernate\models\hibernate-models\1.0.1\hibernate-models-1.0.1.jar;C:\Users\hvs16\.m2\repository\com\fasterxml\classmate\1.7.1\classmate-1.7.1.jar;C:\Users\hvs16\.m2\repository\org\glassfish\jaxb\jaxb-runtime\4.0.6\jaxb-runtime-4.0.6.jar;C:\Users\hvs16\.m2\repository\org\glassfish\jaxb\jaxb-core\4.0.6\jaxb-core-4.0.6.jar;C:\Users\hvs16\.m2\repository\org\eclipse\angus\angus-activation\2.0.3\angus-activation-2.0.3.jar;C:\Users\hvs16\.m2\repository\org\glassfish\jaxb\txw2\4.0.6\txw2-4.0.6.jar;C:\Users\hvs16\.m2\repository\com\sun\istack\istack-commons-runtime\4.1.2\istack-commons-runtime-4.1.2.jar;C:\Users\hvs16\.m2\repository\jakarta\inject\jakarta.inject-api\2.0.1\jakarta.inject-api-2.0.1.jar;C:\Users\hvs16\.m2\repository\org\springframework\spring-orm\7.0.2\spring-orm-7.0.2.jar;C:\Users\hvs16\.m2\repository\org\springframework\data\spring-data-jpa\4.0.1\spring-data-jpa-4.0.1.jar;C:\Users\hvs16\.m2\repository\org\springframework\spring-tx\7.0.2\spring-tx-7.0.2.jar;C:\Users\hvs16\.m2\repository\org\antlr\antlr4-runtime\4.13.2\antlr4-runtime-4.13.2.jar;C:\Users\hvs16\.m2\repository\org\springframework\spring-aspects\7.0.2\spring-aspects-7.0.2.jar;C:\Users\hvs16\.m2\repository\org\aspectj\aspectjweaver\1.9.25.1\aspectjweaver-1.9.25.1.jar;C:\Users\hvs16\.m2\repository\org\springframework\boot\spring-boot-jdbc\4.0.1\spring-boot-jdbc-4.0.1.jar;C:\Users\hvs16\.m2\repository\org\springframework\boot\spring-boot-sql\4.0.1\spring-boot-sql-4.0.1.jar;C:\Users\hvs16\.m2\repository\org\springframework\boot\spring-boot-transaction\4.0.1\spring-boot-transaction-4.0.1.jar;C:\Users\hvs16\.m2\repository\org\springframework\spring-jdbc\7.0.2\spring-jdbc-7.0.2.jar;C:\Users\hvs16\.m2\repository\jakarta\xml\bind\jakarta.xml.bind-api\4.0.4\jakarta.xml.bind-api-4.0.4.jar;C:\Users\hvs16\.m2\repository\jakarta\activation\jakarta.activation-api\2.1.4\jakarta.activation-api-2.1.4.jar;C:\Users\hvs16\.m2\repository\net\bytebuddy\byte-buddy\1.17.8\byte-buddy-1.17.8.jar;C:\Users\hvs16\.m2\repository\org\springframework\spring-core\7.0.2\spring-core-7.0.2.jar;C:\Users\hvs16\.m2\repository\commons-logging\commons-logging\1.3.5\commons-logging-1.3.5.jar;C:\Users\hvs16\.m2\repository\org\jspecify\jspecify\1.0.0\jspecify-1.0.0.jar;C:\Users\hvs16\.m2\repository\com\mysql\mysql-connector-j\9.5.0\mysql-connector-j-9.5.0.jar;C:\Users\hvs16\.m2\repository\org\projectlombok\lombok\1.18.42\lombok-1.18.42.jar;C:\Users\hvs16\.m2\repository\org\springframework\boot\spring-boot-web-server\4.0.1\spring-boot-web-server-4.0.1.jar
Launcher Type: SUN_STANDARD

[Global flags]
     intx CICompilerCount                          = 4                                         {product} {ergonomic}
     uint ConcGCThreads                            = 2                                         {product} {ergonomic}
     uint G1ConcRefinementThreads                  = 8                                         {product} {ergonomic}
   size_t G1HeapRegionSize                         = 1048576                                   {product} {ergonomic}
   size_t InitialHeapSize                          = 130023424                                 {product} {ergonomic}
   size_t MarkStackSize                            = 4194304                                   {product} {ergonomic}
   size_t MarkStackSizeMax                         = 536870912                                 {product} {ergonomic}
   size_t MaxHeapSize                              = 2067791872                                {product} {ergonomic}
   size_t MaxNewSize                               = 1240465408                                {product} {ergonomic}
   size_t MinHeapDeltaBytes                        = 1048576                                   {product} {ergonomic}
   size_t MinHeapSize                              = 8388608                                   {product} {ergonomic}
    uintx NonNMethodCodeHeapSize                   = 5832704                                {pd product} {ergonomic}
    uintx NonProfiledCodeHeapSize                  = 122945536                              {pd product} {ergonomic}
    uintx ProfiledCodeHeapSize                     = 122880000                              {pd product} {ergonomic}
    uintx ReservedCodeCacheSize                    = 251658240                              {pd product} {ergonomic}
     bool SegmentedCodeCache                       = true                                      {product} {ergonomic}
   size_t SoftMaxHeapSize                          = 2067791872                             {manageable} {ergonomic}
     bool UseCompressedOops                        = true                           {product lp64_product} {ergonomic}
     bool UseG1GC                                  = true                                      {product} {ergonomic}
     bool UseLargePagesIndividualAllocation        = false                                  {pd product} {ergonomic}

Logging:
Log output configuration:
 #0: stdout all=warning uptime,level,tags foldmultilines=false
 #1: stderr all=off uptime,level,tags foldmultilines=false

Release file:
IMPLEMENTOR="Oracle Corporation" 
JAVA_RUNTIME_VERSION="25+37-LTS-3491" 
JAVA_VERSION="25" 
JAVA_VERSION_DATE="2025-09-16" 
LIBC="default" 
MODULES="java.base java.compiler java.datatransfer java.xml java.prefs java.desktop java.instrument java.logging java.management java.security.sasl java.naming java.rmi java.management.rmi java.net.http java.scripting java.security.jgss java.transaction.xa java.sql java.sql.rowset java.xml.crypto java.se java.smartcardio jdk.accessibility jdk.internal.jvmstat jdk.attach jdk.charsets jdk.internal.opt jdk.zipfs jdk.compiler jdk.crypto.cryptoki jdk.crypto.ec jdk.crypto.mscapi jdk.dynalink jdk.internal.ed jdk.editpad jdk.internal.vm.ci jdk.graal.compiler jdk.graal.compiler.management jdk.hotspot.agent jdk.httpserver jdk.incubator.vector jdk.internal.le jdk.internal.md jdk.jartool jdk.javadoc jdk.jcmd jdk.management jdk.management.agent jdk.jconsole jdk.jdeps jdk.jdwp.agent jdk.jdi jdk.jfr jdk.jlink jdk.jpackage jdk.jshell jdk.jsobject jdk.jstatd jdk.localedata jdk.management.jfr jdk.naming.dns jdk.naming.rmi jdk.net jdk.nio.mapmode jdk.sctp jdk.security.auth jdk.security.jgss jdk.unsupported jdk.unsupported.desktop jdk.xml.dom" 
OS_ARCH="x86_64" 
OS_NAME="Windows" 
SOURCE=".:git:49d6a23b8806 open:git:6c48f4ed707b" 

Environment Variables:
PATH=C:\Program Files\Common Files\Oracle\Java\javapath;C:\Program Files (x86)\Common Files\Oracle\Java\java8path;C:\Program Files (x86)\Common Files\Oracle\Java\javapath;C:\Program Files (x86)\Zulu\zulu-8\bin\;C:\WINDOWS\system32;C:\WINDOWS;C:\WINDOWS\System32\Wbem;C:\WINDOWS\System32\WindowsPowerShell\v1.0\;C:\WINDOWS\System32\OpenSSH\;C:\Program Files (x86)\NVIDIA Corporation\PhysX\Common;C:\MinGW\bin;C:\Program Files\Java\jdk-21;C:\Program Files\Git\cmd;C:\Program Files\Git\mingw64\bin;C:\Program Files\Git\usr\bin;C:\Program Files\nodejs\;C:\WINDOWS\system32;C:\WINDOWS;C:\WINDOWS\System32\Wbem;C:\WINDOWS\System32\WindowsPowerShell\v1.0\;C:\WINDOWS\System32\OpenSSH\;C:\Program Files\dotnet\;C:\Program Files\apache-maven-3.9.11-bin\apache-maven-3.9.11-bin\apache-maven-3.9.11\bin;C:\Program Files\Java\jdk-25\bin;C:\Program Files\Java\jdk-25\bin;C:\Users\hvs16\AppData\Local\Microsoft\WindowsApps;C:\Users\hvs16\AppData\Local\Programs\Microsoft VS Code\bin;C:\MinGW\bin;C:\jdk-21\bin;C:\Users\hvs16\AppData\Roaming\npm;C:\Users\hvs16\AppData\Local\GitHubDesktop\bin;C:\Program Files\Apache\Maven\apache-maven-3.x.x\bin;C:\Users\hvs16\AppData\Local\Python\bin;C:\Users\hvs16\AppData\Local\Microsoft\WinGet\Packages\DenoLand.Deno_Microsoft.Winget.Source_8wekyb3d8bbwe;C:\Users\hvs16\AppData\Local\Microsoft\WinGet\Packages\yt-dlp.FFmpeg_Microsoft.Winget.Source_8wekyb3d8bbwe\ffmpeg-N-121938-g2456a39581-win64-gpl/bin;C:\Users\hvs16\AppData\Local\Microsoft\WinGet\Packages\yt-dlp.yt-dlp_Microsoft.Winget.Source_8wekyb3d8bbwe;
USERNAME=HARSHVARDHAN
OS=Windows_NT
PROCESSOR_IDENTIFIER=Intel64 Family 6 Model 140 Stepping 1, GenuineIntel
TMP=C:\Users\hvs16\AppData\Local\Temp
TEMP=C:\Users\hvs16\AppData\Local\Temp




Compilation memory statistics disabled.

Periodic native trim disabled

---------------  S Y S T E M  ---------------

OS:
 Windows 11 , 64 bit Build 26100 (10.0.26100.7309)
OS uptime: 1 days 9:25 hours
Hyper-V role detected

CPU: total 8 (initial active 8) (4 cores per cpu, 2 threads per core) family 6 model 140 stepping 1 microcode 0xb6, cx8, cmov, fxsr, ht, mmx, 3dnowpref, sse, sse2, sse3, ssse3, sse4.1, sse4.2, popcnt, lzcnt, tsc, tscinvbit, avx, avx2, aes, erms, clmul, bmi1, bmi2, adx, avx512f, avx512dq, avx512cd, avx512bw, avx512vl, sha, fma, vzeroupper, avx512_vpopcntdq, avx512_vpclmulqdq, avx512_vaes, avx512_vnni, clflush, clflushopt, clwb, avx512_vbmi2, avx512_vbmi, hv, rdtscp, rdpid, fsrm, gfni, avx512_bitalg, f16c, cet_ibt, cet_ss, avx512_ifma
Processor Information for processor 0
  Max Mhz: 2419, Current Mhz: 2419, Mhz Limit: 2419
Processor Information for processor 1
  Max Mhz: 2419, Current Mhz: 1007, Mhz Limit: 2419
Processor Information for processor 2
  Max Mhz: 2419, Current Mhz: 2419, Mhz Limit: 2419
Processor Information for processor 3
  Max Mhz: 2419, Current Mhz: 1007, Mhz Limit: 2419
Processor Information for processor 4
  Max Mhz: 2419, Current Mhz: 2419, Mhz Limit: 2419
Processor Information for processor 5
  Max Mhz: 2419, Current Mhz: 1007, Mhz Limit: 2419
Processor Information for processor 6
  Max Mhz: 2419, Current Mhz: 1007, Mhz Limit: 2419
Processor Information for processor 7
  Max Mhz: 2419, Current Mhz: 1007, Mhz Limit: 2419

Memory: 4k page, system-wide physical 7886M (531M free)
TotalPageFile size 32462M (AvailPageFile size 142M)
current process WorkingSet (physical memory assigned to process): 50M, peak: 258M
current process commit charge ("private bytes"): 274M, peak: 307M

vm_info: Java HotSpot(TM) 64-Bit Server VM (25+37-LTS-3491) for windows-amd64 JRE (25+37-LTS-3491), built on 2025-08-14T21:13:00Z with unknown MS VC++:1943

END.
